This is pdfTeX, Version 3.14159265-2.6-1.40.21 (MiKTeX 2.9.7300 64-bit) (preloaded format=pdflatex 2020.4.29)  29 APR 2020 16:49
entering extended mode
**./refman.tex
(refman.tex
LaTeX2e <2020-02-02> patch level 5
L3 programming layer <2020-03-03>
("C:\Program Files\MiKTeX 2.9\tex/latex/base\book.cls"
Document Class: book 2019/12/20 v1.4l Standard LaTeX document class
("C:\Program Files\MiKTeX 2.9\tex/latex/base\bk10.clo"
File: bk10.clo 2019/12/20 v1.4l Standard LaTeX file (size option)
)
\c@part=\count167
\c@chapter=\count168
\c@section=\count169
\c@subsection=\count170
\c@subsubsection=\count171
\c@paragraph=\count172
\c@subparagraph=\count173
\c@figure=\count174
\c@table=\count175
\abovecaptionskip=\skip47
\belowcaptionskip=\skip48
\bibindent=\dimen134
)
("C:\Program Files\MiKTeX 2.9\tex/latex/base\ifthen.sty"
Package: ifthen 2014/09/29 v1.1c Standard LaTeX ifthen package (DPC)
)
("C:\Program Files\MiKTeX 2.9\tex/latex/tools\array.sty"
Rollback for package 'array' requested -> date 2016-10-06.
         Best approximation is the release introduced on 2016-10-06.

("C:\Program Files\MiKTeX 2.9\tex/latex/tools\array-2016-10-06.sty"
Package: array 2016/10/06 v2.4d Tabular extension package (FMi)
\col@sep=\dimen135
\extrarowheight=\dimen136
\NC@list=\toks15
\extratabsurround=\skip49
\backup@length=\skip50
))
("C:\Program Files\MiKTeX 2.9\tex/latex/base\fixltx2e.sty"
Package: fixltx2e 2016/12/29 v2.1a fixes to LaTeX (obsolete)
Applying: [2015/01/01] Old fixltx2e package on input line 46.


Package fixltx2e Warning: fixltx2e is not required with releases after 2015
(fixltx2e)                All fixes are now in the LaTeX kernel.
(fixltx2e)                See the latexrelease package for details.

Already applied: [0000/00/00] Old fixltx2e package on input line 53.
) ("C:\Program Files\MiKTeX 2.9\tex/latex/tools\calc.sty"
Package: calc 2017/05/25 v4.3 Infix arithmetic (KKT,FJ)
\calc@Acount=\count176
\calc@Bcount=\count177
\calc@Adimen=\dimen137
\calc@Bdimen=\dimen138
\calc@Askip=\skip51
\calc@Bskip=\skip52
LaTeX Info: Redefining \setlength on input line 80.
LaTeX Info: Redefining \addtolength on input line 81.
\calc@Ccount=\count178
\calc@Cskip=\skip53
) (doxygen.sty
Package: doxygen 

("C:\Program Files\MiKTeX 2.9\tex/latex/base\alltt.sty"
Package: alltt 1997/06/16 v2.0g defines alltt environment
)
(C:\Users\shour\AppData\Roaming\MiKTeX\2.9\tex/latex/float\float.sty
Package: float 2001/11/08 v1.3d Float enhancements (AL)
\c@float@type=\count179
\float@exts=\toks16
\float@box=\box45
\@float@everytoks=\toks17
\@floatcapt=\box46
)
("C:\Program Files\MiKTeX 2.9\tex/latex/tools\verbatim.sty"
Package: verbatim 2019/11/10 v1.5r LaTeX2e package for verbatim enhancements
\every@verbatim=\toks18
\verbatim@line=\toks19
\verbatim@in@stream=\read2
)
("C:\Program Files\MiKTeX 2.9\tex/latex/xcolor\xcolor.sty"
Package: xcolor 2016/05/11 v2.12 LaTeX color extensions (UK)

("C:\Program Files\MiKTeX 2.9\tex/latex/graphics-cfg\color.cfg"
File: color.cfg 2016/01/02 v1.6 sample color configuration
)
Package xcolor Info: Driver file: pdftex.def on input line 225.

("C:\Program Files\MiKTeX 2.9\tex/latex/graphics-def\pdftex.def"
File: pdftex.def 2018/01/08 v1.0l Graphics/color driver for pdftex
)
(C:\Users\shour\AppData\Roaming\MiKTeX\2.9\tex/latex/colortbl\colortbl.sty
Package: colortbl 2020/01/04 v1.0e Color table columns (DPC)
\everycr=\toks20
\minrowclearance=\skip54
)
\rownum=\count180
Package xcolor Info: Model `cmy' substituted by `cmy0' on input line 1348.
Package xcolor Info: Model `hsb' substituted by `rgb' on input line 1352.
Package xcolor Info: Model `RGB' extended on input line 1364.
Package xcolor Info: Model `HTML' substituted by `rgb' on input line 1366.
Package xcolor Info: Model `Hsb' substituted by `hsb' on input line 1367.
Package xcolor Info: Model `tHsb' substituted by `hsb' on input line 1368.
Package xcolor Info: Model `HSB' substituted by `hsb' on input line 1369.
Package xcolor Info: Model `Gray' substituted by `gray' on input line 1370.
Package xcolor Info: Model `wave' substituted by `hsb' on input line 1371.
)
(longtable_doxygen.sty
Package: longtable_doxygen 2014/10/28 v4.11 Multi-page Table package (DPC) - fr
ozen version for doxygen
\LTleft=\skip55
\LTright=\skip56
\LTpre=\skip57
\LTpost=\skip58
\LTchunksize=\count181
\LTcapwidth=\dimen139
\LT@head=\box47
\LT@firsthead=\box48
\LT@foot=\box49
\LT@lastfoot=\box50
\LT@cols=\count182
\LT@rows=\count183
\c@LT@tables=\count184
\c@LT@chunks=\count185
\LT@p@ftn=\toks21
) (tabu_doxygen.sty
Package: tabu_doxygen 2011/02/26 v2.8 - flexible LaTeX tabulars (FC), frozen ve
rsion for doxygen

(C:\Users\shour\AppData\Roaming\MiKTeX\2.9\tex/latex/varwidth\varwidth.sty
Package: varwidth 2009/03/30 ver 0.92;  Variable-width minipages
\@vwid@box=\box51
\sift@deathcycles=\count186
\@vwid@loff=\dimen140
\@vwid@roff=\dimen141
)
\c@taburow=\count187
\tabu@nbcols=\count188
\tabu@cnt=\count189
\tabu@Xcol=\count190
\tabu@alloc=\count191
\tabu@nested=\count192
\tabu@target=\dimen142
\tabu@spreadtarget=\dimen143
\tabu@naturalX=\dimen144
\tabucolX=\dimen145
\tabu@Xsum=\dimen146
\extrarowdepth=\dimen147
\abovetabulinesep=\dimen148
\belowtabulinesep=\dimen149
\tabustrutrule=\dimen150
\tabu@thebody=\toks22
\tabu@footnotes=\toks23
\tabu@box=\box52
\tabu@arstrutbox=\box53
\tabu@hleads=\box54
\tabu@vleads=\box55
\tabu@cellskip=\skip59
)
(C:\Users\shour\AppData\Roaming\MiKTeX\2.9\tex/latex/fancyvrb\fancyvrb.sty
Package: fancyvrb 2020/01/13 v3.5 verbatim text (tvz,hv)

("C:\Program Files\MiKTeX 2.9\tex/latex/graphics\keyval.sty"
Package: keyval 2014/10/28 v1.15 key=value parser (DPC)
\KV@toks@=\toks24
)
\FV@CodeLineNo=\count193
\FV@InFile=\read3
\FV@TabBox=\box56
\c@FancyVerbLine=\count194
\FV@StepNumber=\count195
\FV@OutFile=\write3
)
("C:\Program Files\MiKTeX 2.9\tex/latex/tools\tabularx.sty"
Package: tabularx 2020/01/15 v2.11c `tabularx' package (DPC)
\TX@col@width=\dimen151
\TX@old@table=\dimen152
\TX@old@col=\dimen153
\TX@target=\dimen154
\TX@delta=\dimen155
\TX@cols=\count196
\TX@ftn=\toks25
)
(C:\Users\shour\AppData\Roaming\MiKTeX\2.9\tex/latex/multirow\multirow.sty
Package: multirow 2019/05/31 v2.5 Span multiple rows of a table
\multirow@colwidth=\skip60
\multirow@cntb=\count197
\multirow@dima=\skip61
\bigstrutjot=\dimen156
)
(C:\Users\shour\AppData\Roaming\MiKTeX\2.9\tex/latex/hanging\hanging.sty
Package: hanging 2009/09/02 v1.2b hanging paragraphs and punctuation
\h@ngcommawd=\skip62
\h@ngfstopwd=\skip63
\h@ngquotewd=\skip64
\h@ngdquotewd=\skip65
\h@ngquerywd=\skip66
\h@ngexclwd=\skip67
\h@ngcolonwd=\skip68
\h@ngscolonwd=\skip69
)
("C:\Program Files\MiKTeX 2.9\tex/generic/iftex\ifpdf.sty"
Package: ifpdf 2019/10/25 v3.4 ifpdf legacy package. Use iftex instead.

("C:\Program Files\MiKTeX 2.9\tex/generic/iftex\iftex.sty"
Package: iftex 2019/11/07 v1.0c TeX engine tests
))
(C:\Users\shour\AppData\Roaming\MiKTeX\2.9\tex/latex/adjustbox\adjustbox.sty
Package: adjustbox 2019/01/04 v1.2 Adjusting TeX boxes (trim, clip, ...)

("C:\Program Files\MiKTeX 2.9\tex/latex/xkeyval\xkeyval.sty"
Package: xkeyval 2014/12/03 v2.7a package option processing (HA)

("C:\Program Files\MiKTeX 2.9\tex/generic/xkeyval\xkeyval.tex"
("C:\Program Files\MiKTeX 2.9\tex/generic/xkeyval\xkvutils.tex"
\XKV@toks=\toks26
\XKV@tempa@toks=\toks27
)
\XKV@depth=\count198
File: xkeyval.tex 2014/12/03 v2.7a key=value parser (HA)
))
(C:\Users\shour\AppData\Roaming\MiKTeX\2.9\tex/latex/adjustbox\adjcalc.sty
Package: adjcalc 2012/05/16 v1.1 Provides advanced setlength with multiple back
-ends (calc, etex, pgfmath)
)
(C:\Users\shour\AppData\Roaming\MiKTeX\2.9\tex/latex/adjustbox\trimclip.sty
Package: trimclip 2018/04/08 v1.1 Trim and clip general TeX material

("C:\Program Files\MiKTeX 2.9\tex/latex/graphics\graphicx.sty"
Package: graphicx 2019/11/30 v1.2a Enhanced LaTeX Graphics (DPC,SPQR)

("C:\Program Files\MiKTeX 2.9\tex/latex/graphics\graphics.sty"
Package: graphics 2019/11/30 v1.4a Standard LaTeX Graphics (DPC,SPQR)

("C:\Program Files\MiKTeX 2.9\tex/latex/graphics\trig.sty"
Package: trig 2016/01/03 v1.10 sin cos tan (DPC)
)
("C:\Program Files\MiKTeX 2.9\tex/latex/graphics-cfg\graphics.cfg"
File: graphics.cfg 2016/06/04 v1.11 sample graphics configuration
)
Package graphics Info: Driver file: pdftex.def on input line 105.
)
\Gin@req@height=\dimen157
\Gin@req@width=\dimen158
)
(C:\Users\shour\AppData\Roaming\MiKTeX\2.9\tex/latex/collectbox\collectbox.sty
Package: collectbox 2012/05/17 v0.4b Collect macro arguments as boxes
\collectedbox=\box57
)
\tc@llx=\dimen159
\tc@lly=\dimen160
\tc@urx=\dimen161
\tc@ury=\dimen162
Package trimclip Info: Using driver 'tc-pdftex.def'.
(C:\Users\shour\AppData\Roaming\MiKTeX\2.9\tex/latex/adjustbox\tc-pdftex.def
File: tc-pdftex.def 2019/01/04 v2.2 Clipping driver for pdftex
))
\adjbox@Width=\dimen163
\adjbox@Height=\dimen164
\adjbox@Depth=\dimen165
\adjbox@Totalheight=\dimen166
\adjbox@pwidth=\dimen167
\adjbox@pheight=\dimen168
\adjbox@pdepth=\dimen169
\adjbox@ptotalheight=\dimen170

(C:\Users\shour\AppData\Roaming\MiKTeX\2.9\tex/latex/ifoddpage\ifoddpage.sty
Package: ifoddpage 2016/04/23 v1.1 Conditionals for odd/even page detection
\c@checkoddpage=\count199
))
("C:\Program Files\MiKTeX 2.9\tex/latex/amsfonts\amssymb.sty"
Package: amssymb 2013/01/14 v3.01 AMS font symbols

("C:\Program Files\MiKTeX 2.9\tex/latex/amsfonts\amsfonts.sty"
Package: amsfonts 2013/01/14 v3.01 Basic AMSFonts support
\@emptytoks=\toks28
\symAMSa=\mathgroup4
\symAMSb=\mathgroup5
LaTeX Font Info:    Redeclaring math symbol \hbar on input line 98.
LaTeX Font Info:    Overwriting math alphabet `\mathfrak' in version `bold'
(Font)                  U/euf/m/n --> U/euf/b/n on input line 106.
))
(C:\Users\shour\AppData\Roaming\MiKTeX\2.9\tex/latex/stackengine\stackengine.st
y
Package: stackengine 2017/02/13 v4.01\ Stacking text and objects in convenient 
ways
 ("C:\Program Files\MiKTeX 2.9\tex/latex/etoolbox\etoolbox.sty"
Package: etoolbox 2019/09/21 v2.5h e-TeX tools for LaTeX (JAW)
\etb@tempcnta=\count266
)
(C:\Users\shour\AppData\Roaming\MiKTeX\2.9\tex/latex/listofitems\listofitems.st
y
(C:\Users\shour\AppData\Roaming\MiKTeX\2.9\tex/generic/listofitems\listofitems.
tex
\loi_cnt_foreach_nest=\count267
\loi_nestcnt=\count268
)
Package: listofitems 2019/08/21 v1.63 Grab items in lists using user-specified 
sep char (CT)
)
\c@@stackindex=\count269
\@boxshift=\skip70
\stack@tmplength=\skip71
\temp@stkl=\skip72
\@stackedboxwidth=\skip73
\@addedbox=\box58
\@anchorbox=\box59
\stackedbox=\box60
\@centerbox=\box61
\c@ROWcellindex@=\count270
) (C:\Users\shour\AppData\Roaming\MiKTeX\2.9\tex/latex/ulem\ulem.sty
\UL@box=\box62
\UL@hyphenbox=\box63
\UL@skip=\skip74
\UL@hook=\toks29
\UL@height=\dimen171
\UL@pe=\count271
\UL@pixel=\dimen172
\ULC@box=\box64
Package: ulem 2019/11/18
\ULdepth=\dimen173
)
\xrefbox=\box65
\xreflength=\skip75
\CodeWidthChar=\skip76
\CodeHeightChar=\skip77
\DoxyCodeWidth=\skip78
)
("C:\Program Files\MiKTeX 2.9\tex/latex/base\inputenc.sty"
Package: inputenc 2018/08/11 v1.3c Input encoding file
\inpenc@prehook=\toks30
\inpenc@posthook=\toks31
)
("C:\Program Files\MiKTeX 2.9\tex/latex/base\makeidx.sty"
Package: makeidx 2014/09/29 v1.0m Standard LaTeX package
)
("C:\Program Files\MiKTeX 2.9\tex/latex/tools\multicol.sty"
Package: multicol 2019/12/09 v1.8y multicolumn formatting (FMi)
\c@tracingmulticols=\count272
\mult@box=\box66
\multicol@leftmargin=\dimen174
\c@unbalance=\count273
\c@collectmore=\count274
\doublecol@number=\count275
\multicoltolerance=\count276
\multicolpretolerance=\count277
\full@width=\dimen175
\page@free=\dimen176
\premulticols=\dimen177
\postmulticols=\dimen178
\multicolsep=\skip79
\multicolbaselineskip=\skip80
\partial@page=\box67
\last@line=\box68
\maxbalancingoverflow=\dimen179
\mult@rightbox=\box69
\mult@grightbox=\box70
\mult@gfirstbox=\box71
\mult@firstbox=\box72
\@tempa=\box73
\@tempa=\box74
\@tempa=\box75
\@tempa=\box76
\@tempa=\box77
\@tempa=\box78
\@tempa=\box79
\@tempa=\box80
\@tempa=\box81
\@tempa=\box82
\@tempa=\box83
\@tempa=\box84
\@tempa=\box85
\@tempa=\box86
\@tempa=\box87
\@tempa=\box88
\@tempa=\box89
\@tempa=\box90
\@tempa=\box91
\@tempa=\box92
\@tempa=\box93
\@tempa=\box94
\@tempa=\box95
\@tempa=\box96
\@tempa=\box97
\@tempa=\box98
\@tempa=\box99
\@tempa=\box100
\@tempa=\box101
\@tempa=\box102
\@tempa=\box103
\@tempa=\box104
\@tempa=\box105
\@tempa=\box106
\@tempa=\box107
\@tempa=\box108
\@tempa=\box109
\c@minrows=\count278
\c@columnbadness=\count279
\c@finalcolumnbadness=\count280
\last@try=\dimen180
\multicolovershoot=\dimen181
\multicolundershoot=\dimen182
\mult@nat@firstbox=\box110
\colbreak@box=\box111
\mc@col@check@num=\count281
)
("C:\Program Files\MiKTeX 2.9\tex/latex/base\textcomp.sty"
Package: textcomp 2020/02/02 v2.0n Standard LaTeX package
)
(C:\Users\shour\AppData\Roaming\MiKTeX\2.9\tex/latex/wasysym\wasysym.sty
Package: wasysym 2020/01/19 v2.4 Wasy-2 symbol support package
\symwasy=\mathgroup6
LaTeX Font Info:    Overwriting symbol font `wasy' in version `bold'
(Font)                  U/wasy/m/n --> U/wasy/b/n on input line 93.
)
("C:\Program Files\MiKTeX 2.9\tex/generic/iftex\ifxetex.sty"
Package: ifxetex 2019/10/25 v0.7 ifxetex legacy package. Use iftex instead.
)
("C:\Program Files\MiKTeX 2.9\tex/latex/base\fontenc.sty"
Package: fontenc 2020/02/11 v2.0o Standard LaTeX package
)
(C:\Users\shour\AppData\Roaming\MiKTeX\2.9\tex/latex/psnfss\helvet.sty
Package: helvet 2020/03/25 PSNFSS-v9.3 (WaS) 
)
(C:\Users\shour\AppData\Roaming\MiKTeX\2.9\tex/latex/psnfss\courier.sty
Package: courier 2020/03/25 PSNFSS-v9.3 (WaS) 
)
(C:\Users\shour\AppData\Roaming\MiKTeX\2.9\tex/latex/sectsty\sectsty.sty
Package: sectsty 2002/02/25 v2.0.2 Commands to change all sectional heading sty
les


LaTeX Warning: Command \underbar  has changed.
               Check if current package is valid.


LaTeX Warning: Command \underline  has changed.
               Check if current package is valid.

) (C:\Users\shour\AppData\Roaming\MiKTeX\2.9\tex/latex/geometry\geometry.sty
Package: geometry 2020/01/02 v5.9 Page Geometry

("C:\Program Files\MiKTeX 2.9\tex/generic/iftex\ifvtex.sty"
Package: ifvtex 2019/10/25 v1.7 ifvtex legacy package. Use iftex instead.
)
\Gm@cnth=\count282
\Gm@cntv=\count283
\c@Gm@tempcnt=\count284
\Gm@bindingoffset=\dimen183
\Gm@wd@mp=\dimen184
\Gm@odd@mp=\dimen185
\Gm@even@mp=\dimen186
\Gm@layoutwidth=\dimen187
\Gm@layoutheight=\dimen188
\Gm@layouthoffset=\dimen189
\Gm@layoutvoffset=\dimen190
\Gm@dimlist=\toks32

(C:\Users\shour\AppData\Roaming\MiKTeX\2.9\tex/latex/geometry\geometry.cfg))
(C:\Users\shour\AppData\Roaming\MiKTeX\2.9\tex/latex/fancyhdr\fancyhdr.sty
Package: fancyhdr 2019/01/31 v3.10 Extensive control of page headers and footer
s
\f@nch@headwidth=\skip81
\f@nch@O@elh=\skip82
\f@nch@O@erh=\skip83
\f@nch@O@olh=\skip84
\f@nch@O@orh=\skip85
\f@nch@O@elf=\skip86
\f@nch@O@erf=\skip87
\f@nch@O@olf=\skip88
\f@nch@O@orf=\skip89
)
(C:\Users\shour\AppData\Roaming\MiKTeX\2.9\tex/latex/natbib\natbib.sty
Package: natbib 2010/09/13 8.31b (PWD, AO)
\bibhang=\skip90
\bibsep=\skip91
LaTeX Info: Redefining \cite on input line 694.
\c@NAT@ctr=\count285
)
(C:\Users\shour\AppData\Roaming\MiKTeX\2.9\tex/latex/tocloft\tocloft.sty
Package: tocloft 2017/08/31 v2.3i parameterised ToC, etc., typesetting
Package tocloft Info: The document has chapter divisions on input line 51.
\cftparskip=\skip92
\cftbeforetoctitleskip=\skip93
\cftaftertoctitleskip=\skip94
\cftbeforepartskip=\skip95
\cftpartnumwidth=\skip96
\cftpartindent=\skip97
\cftbeforechapskip=\skip98
\cftchapindent=\skip99
\cftchapnumwidth=\skip100
\cftbeforesecskip=\skip101
\cftsecindent=\skip102
\cftsecnumwidth=\skip103
\cftbeforesubsecskip=\skip104
\cftsubsecindent=\skip105
\cftsubsecnumwidth=\skip106
\cftbeforesubsubsecskip=\skip107
\cftsubsubsecindent=\skip108
\cftsubsubsecnumwidth=\skip109
\cftbeforeparaskip=\skip110
\cftparaindent=\skip111
\cftparanumwidth=\skip112
\cftbeforesubparaskip=\skip113
\cftsubparaindent=\skip114
\cftsubparanumwidth=\skip115
\cftbeforeloftitleskip=\skip116
\cftafterloftitleskip=\skip117
\cftbeforefigskip=\skip118
\cftfigindent=\skip119
\cftfignumwidth=\skip120
\c@lofdepth=\count286
\c@lotdepth=\count287
\cftbeforelottitleskip=\skip121
\cftafterlottitleskip=\skip122
\cftbeforetabskip=\skip123
\cfttabindent=\skip124
\cfttabnumwidth=\skip125
)
\@indexfile=\write4
\openout4 = `refman.idx'.


Writing index file refman.idx

(C:\Users\shour\AppData\Roaming\MiKTeX\2.9\tex/latex/newunicodechar\newunicodec
har.sty
Package: newunicodechar 2018/04/08 v1.2 Defining Unicode characters
)

Package newunicodechar Warning: Redefining Unicode character on input line 116.



Package newunicodechar Warning: Redefining Unicode character on input line 117.


("C:\Program Files\MiKTeX 2.9\tex/latex/hyperref\hyperref.sty"
Package: hyperref 2020/01/14 v7.00d Hypertext links for LaTeX

(C:\Users\shour\AppData\Roaming\MiKTeX\2.9\tex/generic/ltxcmds\ltxcmds.sty
Package: ltxcmds 2019/12/15 v1.24 LaTeX kernel commands for general use (HO)
)
("C:\Program Files\MiKTeX 2.9\tex/latex/pdftexcmds\pdftexcmds.sty"
Package: pdftexcmds 2019/11/24 v0.31 Utility functions of pdfTeX for LuaTeX (HO
)

(C:\Users\shour\AppData\Roaming\MiKTeX\2.9\tex/generic/infwarerr\infwarerr.sty
Package: infwarerr 2019/12/03 v1.5 Providing info/warning/error messages (HO)
)
Package pdftexcmds Info: \pdf@primitive is available.
Package pdftexcmds Info: \pdf@ifprimitive is available.
Package pdftexcmds Info: \pdfdraftmode found.
)
(C:\Users\shour\AppData\Roaming\MiKTeX\2.9\tex/generic/kvsetkeys\kvsetkeys.sty
Package: kvsetkeys 2019/12/15 v1.18 Key value parser (HO)
)
(C:\Users\shour\AppData\Roaming\MiKTeX\2.9\tex/generic/kvdefinekeys\kvdefinekey
s.sty
Package: kvdefinekeys 2019-12-19 v1.6 Define keys (HO)
)
(C:\Users\shour\AppData\Roaming\MiKTeX\2.9\tex/generic/pdfescape\pdfescape.sty
Package: pdfescape 2019/12/09 v1.15 Implements pdfTeX's escape features (HO)
) (C:\Users\shour\AppData\Roaming\MiKTeX\2.9\tex/latex/hycolor\hycolor.sty
Package: hycolor 2020-01-27 v1.10 Color options for hyperref/bookmark (HO)
)
(C:\Users\shour\AppData\Roaming\MiKTeX\2.9\tex/latex/letltxmacro\letltxmacro.st
y
Package: letltxmacro 2019/12/03 v1.6 Let assignment for LaTeX macros (HO)
) (C:\Users\shour\AppData\Roaming\MiKTeX\2.9\tex/latex/auxhook\auxhook.sty
Package: auxhook 2019-12-17 v1.6 Hooks for auxiliary files (HO)
)
(C:\Users\shour\AppData\Roaming\MiKTeX\2.9\tex/latex/kvoptions\kvoptions.sty
Package: kvoptions 2019/11/29 v3.13 Key value format for package options (HO)
)
\@linkdim=\dimen191
\Hy@linkcounter=\count288
\Hy@pagecounter=\count289

("C:\Program Files\MiKTeX 2.9\tex/latex/hyperref\pd1enc.def"
File: pd1enc.def 2020/01/14 v7.00d Hyperref: PDFDocEncoding definition (HO)
Now handling font encoding PD1 ...
... no UTF-8 mapping file for font encoding PD1
)
(C:\Users\shour\AppData\Roaming\MiKTeX\2.9\tex/generic/intcalc\intcalc.sty
Package: intcalc 2019/12/15 v1.3 Expandable calculations with integers (HO)
)
(C:\Users\shour\AppData\Roaming\MiKTeX\2.9\tex/generic/etexcmds\etexcmds.sty
Package: etexcmds 2019/12/15 v1.7 Avoid name clashes with e-TeX commands (HO)
)
\Hy@SavedSpaceFactor=\count290
Package hyperref Info: Hyper figures OFF on input line 4547.
Package hyperref Info: Link nesting OFF on input line 4552.
Package hyperref Info: Hyper index ON on input line 4555.
Package hyperref Info: Plain pages OFF on input line 4562.
Package hyperref Info: Backreferencing ON on input line 4565.
Package hyperref Info: Implicit mode ON; LaTeX internals redefined.
Package hyperref Info: Bookmarks ON on input line 4800.

("C:\Program Files\MiKTeX 2.9\tex/latex/hyperref\backref.sty"
Package: backref 2020/01/14 v1.40 Bibliographical back referencing

(C:\Users\shour\AppData\Roaming\MiKTeX\2.9\tex/latex/rerunfilecheck\rerunfilech
eck.sty
Package: rerunfilecheck 2019/12/05 v1.9 Rerun checks for auxiliary files (HO)

(C:\Users\shour\AppData\Roaming\MiKTeX\2.9\tex/latex/atveryend\atveryend.sty
Package: atveryend 2019-12-11 v1.11 Hooks at the very end of document (HO)
)
(C:\Users\shour\AppData\Roaming\MiKTeX\2.9\tex/generic/uniquecounter\uniquecoun
ter.sty
Package: uniquecounter 2019/12/15 v1.4 Provide unlimited unique counter (HO)

(C:\Users\shour\AppData\Roaming\MiKTeX\2.9\tex/generic/bigintcalc\bigintcalc.st
y
Package: bigintcalc 2019/12/15 v1.5 Expandable calculations on big integers (HO
)
))
Package uniquecounter Info: New unique counter `rerunfilecheck' on input line 2
86.
))
\c@Hy@tempcnt=\count291
 ("C:\Program Files\MiKTeX 2.9\tex/latex/url\url.sty"
\Urlmuskip=\muskip16
Package: url 2013/09/16  ver 3.4  Verb mode for urls, etc.
)
LaTeX Info: Redefining \url on input line 5159.
\XeTeXLinkMargin=\dimen192

(C:\Users\shour\AppData\Roaming\MiKTeX\2.9\tex/generic/bitset\bitset.sty
Package: bitset 2019/12/09 v1.3 Handle bit-vector datatype (HO)
)
\Fld@menulength=\count292
\Field@Width=\dimen193
\Fld@charsize=\dimen194
Package hyperref Info: Hyper figures OFF on input line 6430.
Package hyperref Info: Link nesting OFF on input line 6435.
Package hyperref Info: Hyper index ON on input line 6438.
Package hyperref Info: backreferencing ON on input line 6443.
Package hyperref Info: Link coloring OFF on input line 6450.
Package hyperref Info: Link coloring with OCG OFF on input line 6455.
Package hyperref Info: PDF/A mode OFF on input line 6460.
LaTeX Info: Redefining \ref on input line 6500.
LaTeX Info: Redefining \pageref on input line 6504.

(C:\Users\shour\AppData\Roaming\MiKTeX\2.9\tex/generic/atbegshi\atbegshi.sty
Package: atbegshi 2019/12/05 v1.19 At begin shipout hook (HO)
)
\Hy@abspage=\count293
\c@Item=\count294
\c@Hfootnote=\count295
)
Package hyperref Info: Driver: hpdftex.

("C:\Program Files\MiKTeX 2.9\tex/latex/hyperref\hpdftex.def"
File: hpdftex.def 2020/01/14 v7.00d Hyperref driver for pdfTeX
\Fld@listcount=\count296
\c@bookmark@seq@number=\count297
\Hy@SectionHShift=\skip126
)
Package hyperref Info: Option `colorlinks' set `true' on input line 135.
Package hyperref Info: Option `unicode' set `true' on input line 135.

("C:\Program Files\MiKTeX 2.9\tex/latex/hyperref\puenc.def"
File: puenc.def 2020/01/14 v7.00d Hyperref: PDF Unicode definition (HO)
Now handling font encoding PU ...
... no UTF-8 mapping file for font encoding PU
)
(C:\Users\shour\AppData\Roaming\MiKTeX\2.9\tex/latex/caption\caption.sty
Package: caption 2020/01/03 v3.4h Customizing captions (AR)

(C:\Users\shour\AppData\Roaming\MiKTeX\2.9\tex/latex/caption\caption3.sty
Package: caption3 2020/01/03 v1.8h caption3 kernel (AR)
Package caption3 Info: TeX engine: e-TeX on input line 61.
\captionmargin=\dimen195
\captionmargin@=\dimen196
\captionwidth=\dimen197
\caption@tempdima=\dimen198
\caption@indent=\dimen199
\caption@parindent=\dimen256
\caption@hangindent=\dimen257
Package caption Info: Standard document class detected.
)
\c@caption@flags=\count298
\c@continuedfloat=\count299
Package caption Info: float package is loaded.
Package caption Info: hyperref package is loaded.
Package caption Info: longtable package is loaded.

(C:\Users\shour\AppData\Roaming\MiKTeX\2.9\tex/latex/caption\ltcaption.sty
Package: ltcaption 2018/08/26 v1.4a longtable captions (AR)
))
(C:\Users\shour\AppData\Roaming\MiKTeX\2.9\tex/latex/etoc\etoc.sty
Package: etoc 2019/11/17 v1.09b Completely customisable TOCs (JFB)
\Etoc@toctoks=\toks33
\c@etoc@tocid=\count300
\c@etoc@tocdepth=\count301
\etoc@framed@titlebox=\box112
\etoc@framed@contentsbox=\box113
)
("C:\Program Files\MiKTeX 2.9\tex/latex/l3backend\l3backend-pdfmode.def"
File: l3backend-pdfmode.def 2020-03-12 L3 backend support: PDF mode
\l__kernel_color_stack_int=\count302
\l__pdf_internal_box=\box114
)
No file refman.aux.
\openout1 = `refman.aux'.

LaTeX Font Info:    Checking defaults for OML/cmm/m/it on input line 150.
LaTeX Font Info:    ... okay on input line 150.
LaTeX Font Info:    Checking defaults for OMS/cmsy/m/n on input line 150.
LaTeX Font Info:    ... okay on input line 150.
LaTeX Font Info:    Checking defaults for OT1/cmr/m/n on input line 150.
LaTeX Font Info:    ... okay on input line 150.
LaTeX Font Info:    Checking defaults for T1/cmr/m/n on input line 150.
LaTeX Font Info:    ... okay on input line 150.
LaTeX Font Info:    Checking defaults for TS1/cmr/m/n on input line 150.
LaTeX Font Info:    ... okay on input line 150.
LaTeX Font Info:    Checking defaults for OMX/cmex/m/n on input line 150.
LaTeX Font Info:    ... okay on input line 150.
LaTeX Font Info:    Checking defaults for U/cmr/m/n on input line 150.
LaTeX Font Info:    ... okay on input line 150.
LaTeX Font Info:    Checking defaults for PD1/pdf/m/n on input line 150.
LaTeX Font Info:    ... okay on input line 150.
LaTeX Font Info:    Checking defaults for PU/pdf/m/n on input line 150.
LaTeX Font Info:    ... okay on input line 150.
LaTeX Font Info:    Trying to load font information for T1+phv on input line 15
0.
(C:\Users\shour\AppData\Roaming\MiKTeX\2.9\tex/latex/psnfss\t1phv.fd
File: t1phv.fd 2020/03/25 scalable font definitions for T1/phv.
)
LaTeX Font Info:    Font shape `T1/phv/m/n' will be
(Font)              scaled to size 8.99994pt on input line 150.

("C:\Program Files\MiKTeX 2.9\tex/context/base/mkii\supp-pdf.mkii"
[Loading MPS to PDF converter (version 2006.09.02).]
\scratchcounter=\count303
\scratchdimen=\dimen258
\scratchbox=\box115
\nofMPsegments=\count304
\nofMParguments=\count305
\everyMPshowfont=\toks34
\MPscratchCnt=\count306
\MPscratchDim=\dimen259
\MPnumerator=\count307
\makeMPintoPDFobject=\count308
\everyMPtoPDFconversion=\toks35
) ("C:\Program Files\MiKTeX 2.9\tex/latex/epstopdf-pkg\epstopdf-base.sty"
Package: epstopdf-base 2020-01-24 v2.11 Base part for package epstopdf
Package epstopdf-base Info: Redefining graphics rule for `.eps' on input line 4
85.
)
*geometry* driver: auto-detecting
*geometry* detected driver: pdftex
*geometry* verbose mode - [ preamble ] result:
* driver: pdftex
* paper: a4paper
* layout: <same size as paper>
* layoutoffset:(h,v)=(0.0pt,0.0pt)
* modes: twoside 
* h-part:(L,W,R)=(71.13188pt, 455.24411pt, 71.13188pt)
* v-part:(T,H,B)=(71.13188pt, 702.78308pt, 71.13188pt)
* \paperwidth=597.50787pt
* \paperheight=845.04684pt
* \textwidth=455.24411pt
* \textheight=702.78308pt
* \oddsidemargin=-1.1381pt
* \evensidemargin=-1.1381pt
* \topmargin=-31.2056pt
* \headheight=12.0pt
* \headsep=18.06749pt
* \topskip=10.0pt
* \footskip=25.29494pt
* \marginparwidth=125.0pt
* \marginparsep=7.0pt
* \columnsep=10.0pt
* \skip\footins=9.0pt plus 4.0pt minus 2.0pt
* \hoffset=0.0pt
* \voffset=0.0pt
* \mag=1000
* \@twocolumnfalse
* \@twosidetrue
* \@mparswitchtrue
* \@reversemarginfalse
* (1in=72.27pt=25.4mm, 1cm=28.453pt)

Package backref Info: ** backref set up for natbib ** on input line 150.
\AtBeginShipoutBox=\box116
Package hyperref Info: Link coloring ON on input line 150.
("C:\Program Files\MiKTeX 2.9\tex/latex/hyperref\nameref.sty"
Package: nameref 2019/09/16 v2.46 Cross-referencing by name of section

(C:\Users\shour\AppData\Roaming\MiKTeX\2.9\tex/latex/refcount\refcount.sty
Package: refcount 2019/12/15 v3.6 Data extraction from label references (HO)
)
(C:\Users\shour\AppData\Roaming\MiKTeX\2.9\tex/generic/gettitlestring\gettitles
tring.sty
Package: gettitlestring 2019/12/15 v1.6 Cleanup title references (HO)
)
\c@section@level=\count309
)
LaTeX Info: Redefining \ref on input line 150.
LaTeX Info: Redefining \pageref on input line 150.
LaTeX Info: Redefining \nameref on input line 150.
\@outlinefile=\write5
\openout5 = `refman.out'.

Package caption Info: Begin \AtBeginDocument code.
Package caption Info: End \AtBeginDocument code.

No file refman.toc.
Package hyperref Info: Option `pageanchor' set `false' on input line 156.
Package hyperref Info: Option `bookmarksnumbered' set `true' on input line 156.

Package hyperref Info: Option `unicode' set `true' on input line 156.
LaTeX Font Info:    Font shape `T1/phv/m/n' will be
(Font)              scaled to size 12.9599pt on input line 161.
LaTeX Font Info:    Font shape `T1/phv/m/n' will be
(Font)              scaled to size 6.29996pt on input line 161.
LaTeX Font Info:    Trying to load font information for U+msa on input line 161
.
("C:\Program Files\MiKTeX 2.9\tex/latex/amsfonts\umsa.fd"
File: umsa.fd 2013/01/14 v3.01 AMS symbols A
)
LaTeX Font Info:    Trying to load font information for U+msb on input line 161
.

("C:\Program Files\MiKTeX 2.9\tex/latex/amsfonts\umsb.fd"
File: umsb.fd 2013/01/14 v3.01 AMS symbols B
)
LaTeX Font Info:    Trying to load font information for U+wasy on input line 16
1.

(C:\Users\shour\AppData\Roaming\MiKTeX\2.9\tex/latex/wasysym\uwasy.fd
File: uwasy.fd 2020/01/19 v2.4 Wasy-2 symbol font definitions
)
LaTeX Font Info:    Font shape `T1/phv/m/n' will be
(Font)              scaled to size 10.79993pt on input line 161.
 [1


{C:/Users/shour/AppData/Local/MiKTeX/2.9/pdftex/config/pdftex.map}] [2

]
\tf@toc=\write6
\openout6 = `refman.toc'.

Package hyperref Info: Option `pageanchor' set `true' on input line 171.

Chapter 1.
LaTeX Font Info:    Font shape `T1/phv/m/n' will be
(Font)              scaled to size 18.66588pt on input line 174.
LaTeX Font Info:    Font shape `T1/phv/b/n' will be
(Font)              scaled to size 18.66588pt on input line 174.
LaTeX Font Info:    Font shape `T1/phv/bc/n' will be
(Font)              scaled to size 18.66588pt on input line 174.
LaTeX Font Info:    Font shape `T1/phv/m/n' will be
(Font)              scaled to size 22.39185pt on input line 174.
LaTeX Font Info:    Font shape `T1/phv/b/n' will be
(Font)              scaled to size 22.39185pt on input line 174.
LaTeX Font Info:    Font shape `T1/phv/bc/n' will be
(Font)              scaled to size 22.39185pt on input line 174.
(hierarchy.tex
LaTeX Font Info:    Font shape `T1/phv/b/n' will be
(Font)              scaled to size 12.9599pt on input line 1.
LaTeX Font Info:    Font shape `T1/phv/b/n' will be
(Font)              scaled to size 8.99994pt on input line 3.


LaTeX Warning: Reference `classcom_1_1frontend_1_1_charts' on page 1 undefined 
on input line 3.


LaTeX Warning: Reference `classcom_1_1backend_1_1_date' on page 1 undefined on 
input line 5.


LaTeX Warning: Reference `classcom_1_1backend_1_1_event' on page 1 undefined on
 input line 6.


LaTeX Warning: Reference `classcom_1_1backend_1_1_percent' on page 1 undefined 
on input line 7.


LaTeX Warning: Reference `classcom_1_1backend_1_1_student' on page 1 undefined 
on input line 8.


LaTeX Warning: Reference `classcom_1_1backend_1_1_event' on page 1 undefined on
 input line 10.


LaTeX Warning: Reference `classcom_1_1backend_1_1_student_data' on page 1 undef
ined on input line 11.


LaTeX Warning: Reference `classcom_1_1backend_1_1_student_data' on page 1 undef
ined on input line 13.


LaTeX Warning: Reference `classcom_1_1backend_1_1_date' on page 1 undefined on 
input line 16.


LaTeX Warning: Reference `classcom_1_1backend_1_1_event' on page 1 undefined on
 input line 17.


LaTeX Warning: Reference `classcom_1_1backend_1_1_my_s_q_l_methods' on page 1 u
ndefined on input line 19.


LaTeX Warning: Reference `classcom_1_1backend_1_1_percent' on page 1 undefined 
on input line 21.


LaTeX Warning: Reference `classcom_1_1frontend_1_1_security_1_1_security_utils'
 on page 1 undefined on input line 23.


LaTeX Warning: Reference `classcom_1_1frontend_1_1_main_view' on page 1 undefin
ed on input line 25.


LaTeX Warning: Reference `classcom_1_1frontend_1_1_login_1_1_login_view' on pag
e 1 undefined on input line 28.


LaTeX Warning: Reference `classcom_1_1backend_1_1_date' on page 1 undefined on 
input line 31.


LaTeX Warning: Reference `classcom_1_1backend_1_1_event' on page 1 undefined on
 input line 32.


LaTeX Warning: Reference `classcom_1_1frontend_1_1_application' on page 1 undef
ined on input line 35.


LaTeX Warning: Reference `classcom_1_1frontend_1_1_security_1_1_configure_u_i_s
ervice_init_listener' on page 1 undefined on input line 38.


LaTeX Warning: Reference `classcom_1_1frontend_1_1_add_1_1_add_hours_1_1_add_ho
urs' on page 1 undefined on input line 41.


LaTeX Warning: Reference `classcom_1_1frontend_1_1_add_1_1_create_student_1_1_c
reate_student' on page 1 undefined on input line 42.


LaTeX Warning: Reference `classcom_1_1frontend_1_1_documentation_1_1_documentat
ion' on page 1 undefined on input line 43.


LaTeX Warning: Reference `classcom_1_1frontend_1_1_get_student_information_1_1_
get_student_information' on page 1 undefined on input line 44.


LaTeX Warning: Reference `classcom_1_1frontend_1_1_home' on page 1 undefined on
 input line 45.


LaTeX Warning: Reference `classcom_1_1frontend_1_1_login_1_1_login_view' on pag
e 1 undefined on input line 46.


LaTeX Warning: Reference `classcom_1_1frontend_1_1_reports_1_1_reports' on page
 1 undefined on input line 47.


LaTeX Warning: Reference `classcom_1_1frontend_1_1_security_1_1_security_config
uration' on page 1 undefined on input line 50.

) [1


]
LaTeX Font Info:    Font shape `T1/phv/b/n' will be
(Font)              scaled to size 6.29996pt on input line 176.
 [2

]
Chapter 2.
(annotated.tex

LaTeX Warning: Reference `classcom_1_1frontend_1_1_add_1_1_add_hours_1_1_add_ho
urs' on page 3 undefined on input line 3.


LaTeX Warning: Reference `classcom_1_1frontend_1_1_application' on page 3 undef
ined on input line 4.


LaTeX Warning: Reference `classcom_1_1frontend_1_1_charts' on page 3 undefined 
on input line 5.


LaTeX Warning: Reference `classcom_1_1frontend_1_1_security_1_1_configure_u_i_s
ervice_init_listener' on page 3 undefined on input line 6.


LaTeX Warning: Reference `classcom_1_1frontend_1_1_add_1_1_create_student_1_1_c
reate_student' on page 3 undefined on input line 7.


LaTeX Warning: Reference `classcom_1_1backend_1_1_date' on page 3 undefined on 
input line 8.


LaTeX Warning: Reference `classcom_1_1frontend_1_1_documentation_1_1_documentat
ion' on page 3 undefined on input line 9.


LaTeX Warning: Reference `classcom_1_1backend_1_1_event' on page 3 undefined on
 input line 10.

LaTeX Font Info:    Trying to load font information for TS1+phv on input line 1
1.
(C:\Users\shour\AppData\Roaming\MiKTeX\2.9\tex/latex/psnfss\ts1phv.fd
File: ts1phv.fd 2020/03/25 scalable font definitions for TS1/phv.
)
LaTeX Font Info:    Font shape `TS1/phv/m/n' will be
(Font)              scaled to size 8.99994pt on input line 11.


LaTeX Warning: Reference `classcom_1_1frontend_1_1_get_student_information_1_1_
get_student_information' on page 3 undefined on input line 11.


LaTeX Warning: Reference `classcom_1_1frontend_1_1_home' on page 3 undefined on
 input line 12.


LaTeX Warning: Reference `classcom_1_1frontend_1_1_login_1_1_login_view' on pag
e 3 undefined on input line 13.


LaTeX Warning: Reference `classcom_1_1frontend_1_1_main_view' on page 3 undefin
ed on input line 14.


LaTeX Warning: Reference `classcom_1_1backend_1_1_my_s_q_l_methods' on page 3 u
ndefined on input line 15.


LaTeX Warning: Reference `classcom_1_1backend_1_1_percent' on page 3 undefined 
on input line 16.


LaTeX Warning: Reference `classcom_1_1frontend_1_1_reports_1_1_reports' on page
 3 undefined on input line 17.


LaTeX Warning: Reference `classcom_1_1frontend_1_1_security_1_1_security_config
uration' on page 3 undefined on input line 18.


LaTeX Warning: Reference `classcom_1_1frontend_1_1_security_1_1_security_utils'
 on page 3 undefined on input line 19.


LaTeX Warning: Reference `classcom_1_1backend_1_1_student' on page 3 undefined 
on input line 20.


LaTeX Warning: Reference `classcom_1_1backend_1_1_student_data' on page 3 undef
ined on input line 21.

) [3] [4

]
Chapter 3.
(classcom_1_1frontend_1_1_add_1_1_add_hours_1_1_add_hours.tex

pdfTeX warning: pdflatex (file ./classcom_1_1frontend_1_1_add_1_1_add_hours_1_1
_add_hours.pdf): PDF inclusion: found PDF version <1.7>, but at most version <1
.5> allowed
 <./classcom_1_1frontend_1_1_add_1_1_add_hours_1_1_add_hours.pdf>
<classcom_1_1frontend_1_1_add_1_1_add_hours_1_1_add_hours.pdf, id=78, 501.875pt
 x 165.61874pt>
File: classcom_1_1frontend_1_1_add_1_1_add_hours_1_1_add_hours.pdf Graphic file
 (type pdf)
<use classcom_1_1frontend_1_1_add_1_1_add_hours_1_1_add_hours.pdf>
Package pdftex.def Info: classcom_1_1frontend_1_1_add_1_1_add_hours_1_1_add_hou
rs.pdf  used on input line 11.
(pdftex.def)             Requested size: 172.43486pt x 56.9055pt.
LaTeX Font Info:    Font shape `T1/phv/b/n' will be
(Font)              scaled to size 10.79993pt on input line 14.
LaTeX Font Info:    Font shape `T1/phv/m/n' will be
(Font)              scaled to size 8.09995pt on input line 19.
LaTeX Font Info:    Font shape `T1/phv/m/it' in size <9> not available
(Font)              Font shape `T1/phv/m/sl' tried instead on input line 19.
LaTeX Font Info:    Font shape `T1/phv/m/sl' will be
(Font)              scaled to size 8.09995pt on input line 19.
)
(classcom_1_1frontend_1_1_application.tex

pdfTeX warning: pdflatex (file ./classcom_1_1frontend_1_1_application.pdf): PDF
 inclusion: found PDF version <1.7>, but at most version <1.5> allowed
 <./classcom_1_1frontend_1_1_application.pdf>
<classcom_1_1frontend_1_1_application.pdf, id=85, 501.875pt x 233.87375pt>
File: classcom_1_1frontend_1_1_application.pdf Graphic file (type pdf)
<use classcom_1_1frontend_1_1_application.pdf>
Package pdftex.def Info: classcom_1_1frontend_1_1_application.pdf  used on inpu
t line 11.
(pdftex.def)             Requested size: 122.11424pt x 56.9055pt.
 [5]
LaTeX Font Info:    Font shape `T1/phv/m/it' in size <7> not available
(Font)              Font shape `T1/phv/m/sl' tried instead on input line 18.
LaTeX Font Info:    Font shape `T1/phv/m/sl' will be
(Font)              scaled to size 6.29996pt on input line 18.
LaTeX Font Info:    Font shape `T1/phv/m/n' will be
(Font)              scaled to size 7.19995pt on input line 33.
LaTeX Font Info:    Trying to load font information for T1+pcr on input line 33
.

(C:\Users\shour\AppData\Roaming\MiKTeX\2.9\tex/latex/psnfss\t1pcr.fd
File: t1pcr.fd 2001/06/04 font definitions for T1/pcr.
)
LaTeX Font Info:    Font shape `T1/pcr/m/it' in size <8> not available
(Font)              Font shape `T1/pcr/m/sl' tried instead on input line 33.


Package longtable Warning: Column widths have changed
(longtable)                in table 3.1 on input line 43.

) (classcom_1_1frontend_1_1_charts.tex
LaTeX Font Info:    Font shape `TS1/phv/m/it' in size <9> not available
(Font)              Font shape `TS1/phv/m/sl' tried instead on input line 20.
LaTeX Font Info:    Font shape `TS1/phv/m/sl' will be
(Font)              scaled to size 8.09995pt on input line 20.
 [6]

Package longtable Warning: Column widths have changed
(longtable)                in table 3.2 on input line 70.

[7]
Underfull \hbox (badness 10000) detected at line 71
[][][]
 []

LaTeX Font Info:    Font shape `T1/pcr/m/it' in size <7> not available
(Font)              Font shape `T1/pcr/m/sl' tried instead on input line 82.

Package longtable Warning: Column widths have changed
(longtable)                in table 3.3 on input line 94.


Underfull \hbox (badness 10000) detected at line 95
[][][]
 []


Package longtable Warning: Column widths have changed
(longtable)                in table 3.4 on input line 116.


Underfull \hbox (badness 10000) detected at line 117
[][][]
 []

LaTeX Font Info:    Font shape `T1/phv/b/n' will be
(Font)              scaled to size 7.19995pt on input line 127.
[8]

Package longtable Warning: Column widths have changed
(longtable)                in table 3.5 on input line 140.


Underfull \hbox (badness 10000) detected at line 141
[][][]
 []


Package longtable Warning: Column widths have changed
(longtable)                in table 3.6 on input line 164.


Underfull \hbox (badness 10000) detected at line 165
[][][]
 []

[9]

Package longtable Warning: Column widths have changed
(longtable)                in table 3.7 on input line 188.


Underfull \hbox (badness 10000) detected at line 189
[][][]
 []


Package longtable Warning: Column widths have changed
(longtable)                in table 3.8 on input line 212.


Underfull \hbox (badness 10000) detected at line 213
[][][]
 []


Package longtable Warning: Column widths have changed
(longtable)                in table 3.9 on input line 236.

[10]
Underfull \hbox (badness 10000) detected at line 237
[][][]
 []


Package longtable Warning: Column widths have changed
(longtable)                in table 3.10 on input line 262.


Underfull \hbox (badness 10000) detected at line 263
[][][]
 []

)
(classcom_1_1frontend_1_1_security_1_1_configure_u_i_service_init_listener.tex

pdfTeX warning: pdflatex (file ./classcom_1_1frontend_1_1_security_1_1_configur
e_u_i_service_init_listener.pdf): PDF inclusion: found PDF version <1.7>, but a
t most version <1.5> allowed
 <./classcom_1_1frontend_1_1_security_1_1_configure_u_i_service_init_listener.p
df>
<classcom_1_1frontend_1_1_security_1_1_configure_u_i_service_init_listener.pdf,
 id=198, 501.875pt x 125.46875pt>
File: classcom_1_1frontend_1_1_security_1_1_configure_u_i_service_init_listener
.pdf Graphic file (type pdf)
<use classcom_1_1frontend_1_1_security_1_1_configure_u_i_service_init_listener.
pdf>
Package pdftex.def Info: classcom_1_1frontend_1_1_security_1_1_configure_u_i_se
rvice_init_listener.pdf  used on input line 11.
(pdftex.def)             Requested size: 227.62596pt x 56.9055pt.
 [11])
(classcom_1_1frontend_1_1_add_1_1_create_student_1_1_create_student.tex

pdfTeX warning: pdflatex (file ./classcom_1_1frontend_1_1_add_1_1_create_studen
t_1_1_create_student.pdf): PDF inclusion: found PDF version <1.7>, but at most 
version <1.5> allowed
 <./classcom_1_1frontend_1_1_add_1_1_create_student_1_1_create_student.pdf>
<classcom_1_1frontend_1_1_add_1_1_create_student_1_1_create_student.pdf, id=215
, 501.875pt x 139.52126pt>
File: classcom_1_1frontend_1_1_add_1_1_create_student_1_1_create_student.pdf Gr
aphic file (type pdf)
<use classcom_1_1frontend_1_1_add_1_1_create_student_1_1_create_student.pdf>
Package pdftex.def Info: classcom_1_1frontend_1_1_add_1_1_create_student_1_1_cr
eate_student.pdf  used on input line 11.
(pdftex.def)             Requested size: 204.69795pt x 56.9055pt.
)
(classcom_1_1backend_1_1_date.tex

pdfTeX warning: pdflatex (file ./classcom_1_1backend_1_1_date.pdf): PDF inclusi
on: found PDF version <1.7>, but at most version <1.5> allowed
 <./classcom_1_1backend_1_1_date.pdf>
<classcom_1_1backend_1_1_date.pdf, id=222, 501.875pt x 71.26625pt>
File: classcom_1_1backend_1_1_date.pdf Graphic file (type pdf)
<use classcom_1_1backend_1_1_date.pdf>
Package pdftex.def Info: classcom_1_1backend_1_1_date.pdf  used on input line 1
1.
(pdftex.def)             Requested size: 397.90128pt x 56.50174pt.
 [12] [13]

Package longtable Warning: Column widths have changed
(longtable)                in table 3.11 on input line 111.

[14]

Package longtable Warning: Column widths have changed
(longtable)                in table 3.12 on input line 130.


Underfull \hbox (badness 10000) detected at line 150
[][][]
 []


Package longtable Warning: Column widths have changed
(longtable)                in table 3.13 on input line 173.


Underfull \hbox (badness 10000) detected at line 174
[][][]
 []

[15]

Package longtable Warning: Column widths have changed
(longtable)                in table 3.14 on input line 195.


Underfull \hbox (badness 10000) detected at line 196
[][][]
 []


Package longtable Warning: Column widths have changed
(longtable)                in table 3.15 on input line 217.


Underfull \hbox (badness 10000) detected at line 218
[][][]
 []


Package longtable Warning: Column widths have changed
(longtable)                in table 3.16 on input line 239.

[16]
Underfull \hbox (badness 10000) detected at line 240
[][][]
 []


Underfull \hbox (badness 10000) detected at line 257
[][][]
 []


Underfull \hbox (badness 10000) detected at line 274
[][][]
 []


Underfull \hbox (badness 10000) detected at line 291
[][][]
 []


Underfull \hbox (badness 10000) detected at line 308
[][][]
 []

[17]

Package longtable Warning: Column widths have changed
(longtable)                in table 3.17 on input line 331.


Underfull \hbox (badness 10000) detected at line 332
[][][]
 []


Package longtable Warning: Column widths have changed
(longtable)                in table 3.18 on input line 355.

[18]
Underfull \hbox (badness 10000) detected at line 356
[][][]
 []


Underfull \hbox (badness 10000) detected at line 373
[][][]
 []


Underfull \hbox (badness 10000) detected at line 390
[][][]
 []


Package longtable Warning: Column widths have changed
(longtable)                in table 3.19 on input line 413.


Underfull \vbox (badness 10000) has occurred while \output is active []

 [19]
Underfull \hbox (badness 10000) detected at line 414
[][][]
 []


Package longtable Warning: Column widths have changed
(longtable)                in table 3.20 on input line 435.


Package longtable Warning: Column widths have changed
(longtable)                in table 3.21 on input line 454.


Package longtable Warning: Column widths have changed
(longtable)                in table 3.22 on input line 473.


Underfull \vbox (badness 10000) has occurred while \output is active []

 [20]

Package longtable Warning: Column widths have changed
(longtable)                in table 3.23 on input line 492.


Package longtable Warning: Column widths have changed
(longtable)                in table 3.24 on input line 511.


Underfull \hbox (badness 10000) detected at line 526
[][][]
 []

[21]
Underfull \hbox (badness 10000) detected at line 543
[][][]
 []

) (classcom_1_1frontend_1_1_documentation_1_1_documentation.tex

pdfTeX warning: pdflatex (file ./classcom_1_1frontend_1_1_documentation_1_1_doc
umentation.pdf): PDF inclusion: found PDF version <1.7>, but at most version <1
.5> allowed
 <./classcom_1_1frontend_1_1_documentation_1_1_documentation.pdf>
<classcom_1_1frontend_1_1_documentation_1_1_documentation.pdf, id=430, 501.875p
t x 150.5625pt>
File: classcom_1_1frontend_1_1_documentation_1_1_documentation.pdf Graphic file
 (type pdf)
<use classcom_1_1frontend_1_1_documentation_1_1_documentation.pdf>
Package pdftex.def Info: classcom_1_1frontend_1_1_documentation_1_1_documentati
on.pdf  used on input line 6.
(pdftex.def)             Requested size: 189.68831pt x 56.9055pt.
)
(classcom_1_1backend_1_1_event.tex

pdfTeX warning: pdflatex (file ./classcom_1_1backend_1_1_event.pdf): PDF inclus
ion: found PDF version <1.7>, but at most version <1.5> allowed
 <./classcom_1_1backend_1_1_event.pdf>
<classcom_1_1backend_1_1_event.pdf, id=436, 501.875pt x 78.2925pt>
File: classcom_1_1backend_1_1_event.pdf Graphic file (type pdf)
<use classcom_1_1backend_1_1_event.pdf>
Package pdftex.def Info: classcom_1_1backend_1_1_event.pdf  used on input line 
11.
(pdftex.def)             Requested size: 394.87637pt x 61.59871pt.
 [22] [23]

Package longtable Warning: Column widths have changed
(longtable)                in table 3.25 on input line 123.


Overfull \vbox (55.76065pt too high) has occurred while \output is active []


[24]

Package longtable Warning: Column widths have changed
(longtable)                in table 3.26 on input line 148.


Package longtable Warning: Column widths have changed
(longtable)                in table 3.27 on input line 172.


Underfull \hbox (badness 10000) detected at line 173
[][][]
 []

[25]

Package longtable Warning: Column widths have changed
(longtable)                in table 3.28 on input line 194.


Underfull \hbox (badness 10000) detected at line 195
[][][]
 []


Underfull \hbox (badness 10000) detected at line 212
[][][]
 []


Underfull \hbox (badness 10000) detected at line 229
[][][]
 []


Underfull \hbox (badness 10000) detected at line 246
[][][]
 []

[26]
Underfull \hbox (badness 10000) detected at line 263
[][][]
 []


Underfull \hbox (badness 10000) detected at line 280
[][][]
 []


Underfull \hbox (badness 10000) detected at line 297
[][][]
 []

[27]

Package longtable Warning: Column widths have changed
(longtable)                in table 3.29 on input line 322.


Underfull \hbox (badness 10000) detected at line 323
[][][]
 []


Package longtable Warning: Column widths have changed
(longtable)                in table 3.30 on input line 344.


Underfull \hbox (badness 10000) detected at line 345
[][][]
 []


Underfull \hbox (badness 10000) detected at line 362
[][][]
 []

[28]

Package longtable Warning: Column widths have changed
(longtable)                in table 3.31 on input line 385.


Underfull \hbox (badness 10000) detected at line 386
[][][]
 []


Package longtable Warning: Column widths have changed
(longtable)                in table 3.32 on input line 407.


Package longtable Warning: Column widths have changed
(longtable)                in table 3.33 on input line 430.

[29]

Package longtable Warning: Column widths have changed
(longtable)                in table 3.34 on input line 449.


Package longtable Warning: Column widths have changed
(longtable)                in table 3.35 on input line 470.


Package longtable Warning: Column widths have changed
(longtable)                in table 3.36 on input line 489.

[30]

Package longtable Warning: Column widths have changed
(longtable)                in table 3.37 on input line 508.


Package longtable Warning: Column widths have changed
(longtable)                in table 3.38 on input line 527.


Package longtable Warning: Column widths have changed
(longtable)                in table 3.39 on input line 546.

[31] [32]

Package longtable Warning: Column widths have changed
(longtable)                in table 3.40 on input line 565.


Package longtable Warning: Column widths have changed
(longtable)                in table 3.41 on input line 584.


Underfull \hbox (badness 10000) detected at line 599
[][][]
 []

[33]

Package longtable Warning: Column widths have changed
(longtable)                in table 3.42 on input line 626.

)
(classcom_1_1frontend_1_1_get_student_information_1_1_get_student_information.t
ex

pdfTeX warning: pdflatex (file ./classcom_1_1frontend_1_1_get_student_informati
on_1_1_get_student_information.pdf): PDF inclusion: found PDF version <1.7>, bu
t at most version <1.5> allowed
 <./classcom_1_1frontend_1_1_get_student_information_1_1_get_student_informatio
n.pdf>
<classcom_1_1frontend_1_1_get_student_information_1_1_get_student_information.p
df, id=752, 501.875pt x 115.43124pt>
File: classcom_1_1frontend_1_1_get_student_information_1_1_get_student_informat
ion.pdf Graphic file (type pdf)
<use classcom_1_1frontend_1_1_get_student_information_1_1_get_student_informati
on.pdf>
Package pdftex.def Info: classcom_1_1frontend_1_1_get_student_information_1_1_g
et_student_information.pdf  used on input line 11.
(pdftex.def)             Requested size: 247.4142pt x 56.9055pt.
 [34]

Package longtable Warning: Column widths have changed
(longtable)                in table 3.43 on input line 53.


Underfull \hbox (badness 10000) detected at line 54
[][][]
 []


Package longtable Warning: Column widths have changed
(longtable)                in table 3.44 on input line 77.


Underfull \hbox (badness 10000) detected at line 78
[][][]
 []

) (classcom_1_1frontend_1_1_home.tex

pdfTeX warning: pdflatex (file ./classcom_1_1frontend_1_1_home.pdf): PDF inclus
ion: found PDF version <1.7>, but at most version <1.5> allowed
 <./classcom_1_1frontend_1_1_home.pdf>
<classcom_1_1frontend_1_1_home.pdf, id=782, 501.875pt x 309.155pt>
File: classcom_1_1frontend_1_1_home.pdf Graphic file (type pdf)
<use classcom_1_1frontend_1_1_home.pdf>
Package pdftex.def Info: classcom_1_1frontend_1_1_home.pdf  used on input line 
11.
(pdftex.def)             Requested size: 92.37828pt x 56.9055pt.
 [35]
Underfull \hbox (badness 10000) detected at line 27
[][][]
 []

) (classcom_1_1frontend_1_1_login_1_1_login_view.tex

pdfTeX warning: pdflatex (file ./classcom_1_1frontend_1_1_login_1_1_login_view.
pdf): PDF inclusion: found PDF version <1.7>, but at most version <1.5> allowed

 <./classcom_1_1frontend_1_1_login_1_1_login_view.pdf>
<classcom_1_1frontend_1_1_login_1_1_login_view.pdf, id=801, 501.875pt x 105.393
75pt>
File: classcom_1_1frontend_1_1_login_1_1_login_view.pdf Graphic file (type pdf)

<use classcom_1_1frontend_1_1_login_1_1_login_view.pdf>
Package pdftex.def Info: classcom_1_1frontend_1_1_login_1_1_login_view.pdf  use
d on input line 11.
(pdftex.def)             Requested size: 270.98549pt x 56.9055pt.
 [36]

Package longtable Warning: Column widths have changed
(longtable)                in table 3.45 on input line 48.

) (classcom_1_1frontend_1_1_main_view.tex

pdfTeX warning: pdflatex (file ./classcom_1_1frontend_1_1_main_view.pdf): PDF i
nclusion: found PDF version <1.7>, but at most version <1.5> allowed
 <./classcom_1_1frontend_1_1_main_view.pdf>
<classcom_1_1frontend_1_1_main_view.pdf, id=825, 501.875pt x 260.975pt>
File: classcom_1_1frontend_1_1_main_view.pdf Graphic file (type pdf)
<use classcom_1_1frontend_1_1_main_view.pdf>
Package pdftex.def Info: classcom_1_1frontend_1_1_main_view.pdf  used on input 
line 11.
(pdftex.def)             Requested size: 109.43262pt x 56.9055pt.

Underfull \hbox (badness 10000) detected at line 56
[][][]
 []

[37]
Underfull \hbox (badness 10000) detected at line 76
[][][]
 []

) (classcom_1_1backend_1_1_my_s_q_l_methods.tex [38] [39]
Underfull \hbox (badness 10000) detected at line 104
[][][]
 []

[40]

Package longtable Warning: Column widths have changed
(longtable)                in table 3.46 on input line 140.


Package longtable Warning: Column widths have changed
(longtable)                in table 3.47 on input line 145.


Package longtable Warning: Column widths have changed
(longtable)                in table 3.48 on input line 168.


Overfull \vbox (14.11444pt too high) has occurred while \output is active []


[41]

Package longtable Warning: Column widths have changed
(longtable)                in table 3.49 on input line 173.


Package longtable Warning: Column widths have changed
(longtable)                in table 3.50 on input line 218.

[42]

Package longtable Warning: Column widths have changed
(longtable)                in table 3.51 on input line 243.


Package longtable Warning: Column widths have changed
(longtable)                in table 3.52 on input line 262.


Package longtable Warning: Column widths have changed
(longtable)                in table 3.53 on input line 281.

[43]

Package longtable Warning: Column widths have changed
(longtable)                in table 3.54 on input line 300.


Underfull \hbox (badness 10000) detected at line 301
[][][]
 []


Package longtable Warning: Column widths have changed
(longtable)                in table 3.55 on input line 322.


Underfull \hbox (badness 10000) detected at line 323
[][][]
 []


Package longtable Warning: Column widths have changed
(longtable)                in table 3.56 on input line 344.

[44]
Underfull \hbox (badness 10000) detected at line 345
[][][]
 []


Package longtable Warning: Column widths have changed
(longtable)                in table 3.57 on input line 366.


Underfull \hbox (badness 10000) detected at line 367
[][][]
 []


Underfull \hbox (badness 10000) detected at line 384
[][][]
 []

[45]

Package longtable Warning: Column widths have changed
(longtable)                in table 3.58 on input line 405.


Underfull \hbox (badness 10000) detected at line 406
[][][]
 []


Underfull \hbox (badness 10000) detected at line 423
[][][]
 []


Package longtable Warning: Column widths have changed
(longtable)                in table 3.59 on input line 448.


Underfull \hbox (badness 10000) detected at line 449
[][][]
 []

[46]

Package longtable Warning: Column widths have changed
(longtable)                in table 3.60 on input line 470.


Underfull \hbox (badness 10000) detected at line 471
[][][]
 []


Package longtable Warning: Column widths have changed
(longtable)                in table 3.61 on input line 494.


Underfull \hbox (badness 10000) detected at line 495
[][][]
 []


Package longtable Warning: Column widths have changed
(longtable)                in table 3.62 on input line 502.

[47]

Package longtable Warning: Column widths have changed
(longtable)                in table 3.63 on input line 521.


Underfull \hbox (badness 10000) detected at line 522
[][][]
 []


Package longtable Warning: Column widths have changed
(longtable)                in table 3.64 on input line 543.


Underfull \hbox (badness 10000) detected at line 544
[][][]
 []


Package longtable Warning: Column widths have changed
(longtable)                in table 3.65 on input line 569.

[48]
Underfull \hbox (badness 10000) detected at line 570
[][][]
 []


Package longtable Warning: Column widths have changed
(longtable)                in table 3.66 on input line 591.


Underfull \hbox (badness 10000) detected at line 592
[][][]
 []


Package longtable Warning: Column widths have changed
(longtable)                in table 3.67 on input line 617.


Underfull \hbox (badness 10000) detected at line 618
[][][]
 []

[49]

Package longtable Warning: Column widths have changed
(longtable)                in table 3.68 on input line 639.


Underfull \hbox (badness 10000) detected at line 640
[][][]
 []


Package longtable Warning: Column widths have changed
(longtable)                in table 3.69 on input line 667.


Underfull \hbox (badness 10000) detected at line 668
[][][]
 []

[50] [51]

Package longtable Warning: Column widths have changed
(longtable)                in table 3.70 on input line 695.


Underfull \hbox (badness 10000) detected at line 696
[][][]
 []


Package longtable Warning: Column widths have changed
(longtable)                in table 3.71 on input line 723.


Underfull \hbox (badness 10000) detected at line 724
[][][]
 []

[52]

Package longtable Warning: Column widths have changed
(longtable)                in table 3.72 on input line 751.


Underfull \hbox (badness 10000) detected at line 752
[][][]
 []


Package longtable Warning: Column widths have changed
(longtable)                in table 3.73 on input line 777.


Package longtable Warning: Column widths have changed
(longtable)                in table 3.74 on input line 802.


Overfull \vbox (1.1888pt too high) has occurred while \output is active []


[53]

Package longtable Warning: Column widths have changed
(longtable)                in table 3.75 on input line 827.


Package longtable Warning: Column widths have changed
(longtable)                in table 3.76 on input line 852.

[54]

Package longtable Warning: Column widths have changed
(longtable)                in table 3.77 on input line 875.


Package longtable Warning: Column widths have changed
(longtable)                in table 3.78 on input line 902.


Package longtable Warning: Column widths have changed
(longtable)                in table 3.79 on input line 907.

[55]

Package longtable Warning: Column widths have changed
(longtable)                in table 3.80 on input line 930.


Package longtable Warning: Column widths have changed
(longtable)                in table 3.81 on input line 935.

) (classcom_1_1backend_1_1_percent.tex

pdfTeX warning: pdflatex (file ./classcom_1_1backend_1_1_percent.pdf): PDF incl
usion: found PDF version <1.7>, but at most version <1.5> allowed
 <./classcom_1_1backend_1_1_percent.pdf>
<classcom_1_1backend_1_1_percent.pdf, id=1331, 501.875pt x 140.525pt>
File: classcom_1_1backend_1_1_percent.pdf Graphic file (type pdf)
<use classcom_1_1backend_1_1_percent.pdf>
Package pdftex.def Info: classcom_1_1backend_1_1_percent.pdf  used on input lin
e 11.
(pdftex.def)             Requested size: 203.23528pt x 56.9055pt.
 [56]

Package longtable Warning: Column widths have changed
(longtable)                in table 3.82 on input line 72.

[57]

Package longtable Warning: Column widths have changed
(longtable)                in table 3.83 on input line 95.


Underfull \hbox (badness 10000) detected at line 113
[][][]
 []


Underfull \hbox (badness 10000) detected at line 130
[][][]
 []


Underfull \hbox (badness 10000) detected at line 147
[][][]
 []


Underfull \hbox (badness 10000) detected at line 164
[][][]
 []

[58]
Underfull \hbox (badness 10000) detected at line 181
[][][]
 []


Package longtable Warning: Column widths have changed
(longtable)                in table 3.84 on input line 202.


Underfull \hbox (badness 10000) detected at line 203
[][][]
 []

[59]
Underfull \hbox (badness 10000) detected at line 220
[][][]
 []

) (classcom_1_1frontend_1_1_reports_1_1_reports.tex

pdfTeX warning: pdflatex (file ./classcom_1_1frontend_1_1_reports_1_1_reports.p
df): PDF inclusion: found PDF version <1.7>, but at most version <1.5> allowed
 <./classcom_1_1frontend_1_1_reports_1_1_reports.pdf>
<classcom_1_1frontend_1_1_reports_1_1_reports.pdf, id=1400, 501.875pt x 213.798
75pt>
File: classcom_1_1frontend_1_1_reports_1_1_reports.pdf Graphic file (type pdf)
<use classcom_1_1frontend_1_1_reports_1_1_reports.pdf>
Package pdftex.def Info: classcom_1_1frontend_1_1_reports_1_1_reports.pdf  used
 on input line 11.
(pdftex.def)             Requested size: 133.57825pt x 56.9055pt.
 [60]

Package longtable Warning: Column widths have changed
(longtable)                in table 3.85 on input line 63.


Package longtable Warning: Column widths have changed
(longtable)                in table 3.86 on input line 84.

[61]

Package longtable Warning: Column widths have changed
(longtable)                in table 3.87 on input line 105.


Underfull \hbox (badness 10000) detected at line 106
[][][]
 []


Package longtable Warning: Column widths have changed
(longtable)                in table 3.88 on input line 127.


Package longtable Warning: Column widths have changed
(longtable)                in table 3.89 on input line 150.


Underfull \hbox (badness 10000) detected at line 151
[][][]
 []

[62]) (classcom_1_1frontend_1_1_security_1_1_security_configuration.tex

pdfTeX warning: pdflatex (file ./classcom_1_1frontend_1_1_security_1_1_security
_configuration.pdf): PDF inclusion: found PDF version <1.7>, but at most versio
n <1.5> allowed
 <./classcom_1_1frontend_1_1_security_1_1_security_configuration.pdf>
<classcom_1_1frontend_1_1_security_1_1_security_configuration.pdf, id=1460, 501
.875pt x 148.555pt>
File: classcom_1_1frontend_1_1_security_1_1_security_configuration.pdf Graphic 
file (type pdf)
<use classcom_1_1frontend_1_1_security_1_1_security_configuration.pdf>
Package pdftex.def Info: classcom_1_1frontend_1_1_security_1_1_security_configu
ration.pdf  used on input line 11.
(pdftex.def)             Requested size: 192.24606pt x 56.9055pt.
)
(classcom_1_1frontend_1_1_security_1_1_security_utils.tex [63])
(classcom_1_1backend_1_1_student.tex

pdfTeX warning: pdflatex (file ./classcom_1_1backend_1_1_student.pdf): PDF incl
usion: found PDF version <1.7>, but at most version <1.5> allowed
 <./classcom_1_1backend_1_1_student.pdf>
<classcom_1_1backend_1_1_student.pdf, id=1484, 501.875pt x 180.675pt>
File: classcom_1_1backend_1_1_student.pdf Graphic file (type pdf)
<use classcom_1_1backend_1_1_student.pdf>
Package pdftex.def Info: classcom_1_1backend_1_1_student.pdf  used on input lin
e 11.
(pdftex.def)             Requested size: 237.10655pt x 85.35826pt.
 [64]

Package longtable Warning: Column widths have changed
(longtable)                in table 3.90 on input line 87.


Underfull \vbox (badness 10000) has occurred while \output is active []

 [65]

Package longtable Warning: Column widths have changed
(longtable)                in table 3.91 on input line 106.


Underfull \hbox (badness 10000) detected at line 124
[][][]
 []


Underfull \hbox (badness 10000) detected at line 141
[][][]
 []

[66]
Underfull \hbox (badness 10000) detected at line 160
[][][]
 []


Underfull \hbox (badness 10000) detected at line 177
[][][]
 []


Underfull \hbox (badness 10000) detected at line 194
[][][]
 []


Underfull \hbox (badness 10000) detected at line 211
[][][]
 []


Underfull \hbox (badness 10000) detected at line 228
[][][]
 []

[67]

Package longtable Warning: Column widths have changed
(longtable)                in table 3.92 on input line 249.


Package longtable Warning: Column widths have changed
(longtable)                in table 3.93 on input line 268.

[68]

Package longtable Warning: Column widths have changed
(longtable)                in table 3.94 on input line 287.


Package longtable Warning: Column widths have changed
(longtable)                in table 3.95 on input line 306.


Underfull \hbox (badness 10000) detected at line 321
[][][]
 []

) (classcom_1_1backend_1_1_student_data.tex

pdfTeX warning: pdflatex (file ./classcom_1_1backend_1_1_student_data.pdf): PDF
 inclusion: found PDF version <1.7>, but at most version <1.5> allowed
 <./classcom_1_1backend_1_1_student_data.pdf>
<classcom_1_1backend_1_1_student_data.pdf, id=1605, 501.875pt x 180.675pt>
File: classcom_1_1backend_1_1_student_data.pdf Graphic file (type pdf)
<use classcom_1_1backend_1_1_student_data.pdf>
Package pdftex.def Info: classcom_1_1backend_1_1_student_data.pdf  used on inpu
t line 11.
(pdftex.def)             Requested size: 237.10655pt x 85.35826pt.
 [69] [70]
Underfull \hbox (badness 10000) detected at line 128
[][][]
 []


Underfull \hbox (badness 10000) detected at line 131
[][][]
 []

[71]

Package longtable Warning: Column widths have changed
(longtable)                in table 3.96 on input line 155.


Underfull \hbox (badness 10000) detected at line 172
[][][]
 []


Underfull \hbox (badness 10000) detected at line 202
[][][]
 []

[72]

Package longtable Warning: Column widths have changed
(longtable)                in table 3.97 on input line 223.


Underfull \hbox (badness 10000) detected at line 224
[][][]
 []


Package longtable Warning: Column widths have changed
(longtable)                in table 3.98 on input line 245.

[73]
Underfull \hbox (badness 10000) detected at line 246
[][][]
 []


Package longtable Warning: Column widths have changed
(longtable)                in table 3.99 on input line 267.


Underfull \hbox (badness 10000) detected at line 268
[][][]
 []


Package longtable Warning: Column widths have changed
(longtable)                in table 3.100 on input line 289.


Underfull \hbox (badness 10000) detected at line 290
[][][]
 []

[74]
Underfull \hbox (badness 10000) detected at line 307
[][][]
 []


Underfull \hbox (badness 10000) detected at line 324
[][][]
 []


Underfull \hbox (badness 10000) detected at line 341
[][][]
 []


Underfull \hbox (badness 10000) detected at line 358
[][][]
 []


Underfull \hbox (badness 10000) detected at line 375
[][][]
 []


Underfull \hbox (badness 10000) detected at line 378
[][][]
 []

[75]
Underfull \hbox (badness 10000) detected at line 395
[][][]
 []


Underfull \hbox (badness 10000) detected at line 412
[][][]
 []


Underfull \hbox (badness 10000) detected at line 429
[][][]
 []

[76]
Underfull \hbox (badness 10000) detected at line 446
[][][]
 []


Underfull \hbox (badness 10000) detected at line 463
[][][]
 []


Underfull \hbox (badness 10000) detected at line 482
[][][]
 []

[77]

Package longtable Warning: Column widths have changed
(longtable)                in table 3.101 on input line 503.


Underfull \hbox (badness 10000) detected at line 504
[][][]
 []


Package longtable Warning: Column widths have changed
(longtable)                in table 3.102 on input line 527.


Underfull \hbox (badness 10000) detected at line 528
[][][]
 []


Package longtable Warning: Column widths have changed
(longtable)                in table 3.103 on input line 549.

[78]

Package longtable Warning: Column widths have changed
(longtable)                in table 3.104 on input line 568.


Package longtable Warning: Column widths have changed
(longtable)                in table 3.105 on input line 587.


Package longtable Warning: Column widths have changed
(longtable)                in table 3.106 on input line 606.

[79] [80]

Package longtable Warning: Column widths have changed
(longtable)                in table 3.107 on input line 625.


Package longtable Warning: Column widths have changed
(longtable)                in table 3.108 on input line 644.


Package longtable Warning: Column widths have changed
(longtable)                in table 3.109 on input line 663.


Package longtable Warning: Column widths have changed
(longtable)                in table 3.110 on input line 682.


Underfull \vbox (badness 10000) has occurred while \output is active []

 [81]

Package longtable Warning: Column widths have changed
(longtable)                in table 3.111 on input line 701.


Package longtable Warning: Column widths have changed
(longtable)                in table 3.112 on input line 720.


Package longtable Warning: Column widths have changed
(longtable)                in table 3.113 on input line 739.

[82]

Package longtable Warning: Column widths have changed
(longtable)                in table 3.114 on input line 758.


Package longtable Warning: Column widths have changed
(longtable)                in table 3.115 on input line 777.


Package longtable Warning: Column widths have changed
(longtable)                in table 3.116 on input line 796.

[83] [84]

Package longtable Warning: Column widths have changed
(longtable)                in table 3.117 on input line 815.

) [85] [86

]
No file refman.ind.

Package longtable Warning: Table widths have changed. Rerun LaTeX.

Package atveryend Info: Empty hook `BeforeClearDocument' on input line 208.
Package atveryend Info: Empty hook `AfterLastShipout' on input line 208.
(refman.aux)
Package atveryend Info: Executing hook `AtVeryEndDocument' on input line 208.
Package atveryend Info: Executing hook `AtEndAfterFileList' on input line 208.


Package rerunfilecheck Warning: File `refman.out' has changed.
(rerunfilecheck)                Rerun to get outlines right
(rerunfilecheck)                or use package `bookmark'.

Package rerunfilecheck Info: Checksums for `refman.out':
(rerunfilecheck)             Before: <no file>
(rerunfilecheck)             After:  537C5813F0728BDEED360BB52D521AE5;49232.

LaTeX Warning: There were undefined references.


LaTeX Warning: Label(s) may have changed. Rerun to get cross-references right.

 ) 
Here is how much of TeX's memory you used:
 17636 strings out of 481292
 287871 string characters out of 2917549
 523805 words of memory out of 3000000
 32089 multiletter control sequences out of 15000+200000
 591635 words of font info for 94 fonts, out of 3000000 for 9000
 1141 hyphenation exceptions out of 8191
 55i,16n,96p,944b,628s stack positions out of 5000i,500n,10000p,200000b,50000s
pdfTeX warning (dest): name{_charts_8java_source} has been referenced but doe
s not exist, replaced by a fixed one

{C:/Program Files/MiKTeX 2.9/fonts/enc/dvips/base/8r.enc}<C:/Program Files/MiKT
eX 2.9/fonts/type1/public/amsfonts/cm/cmmi10.pfb><C:/Program Files/MiKTeX 2.9/f
onts/type1/public/amsfonts/cm/cmmi7.pfb><C:/Program Files/MiKTeX 2.9/fonts/type
1/public/amsfonts/cm/cmmi8.pfb><C:/Program Files/MiKTeX 2.9/fonts/type1/public/
amsfonts/cm/cmsy7.pfb><C:/Program Files/MiKTeX 2.9/fonts/type1/urw/courier/ucrb
8a.pfb><C:/Program Files/MiKTeX 2.9/fonts/type1/urw/courier/ucrr8a.pfb><C:/Prog
ram Files/MiKTeX 2.9/fonts/type1/urw/courier/ucrro8a.pfb><C:/Users/shour/AppDat
a/Roaming/MiKTeX/2.9/fonts/type1/urw/helvetic/uhvb8a.pfb><C:/Users/shour/AppDat
a/Roaming/MiKTeX/2.9/fonts/type1/urw/helvetic/uhvb8ac.pfb><C:/Users/shour/AppDa
ta/Roaming/MiKTeX/2.9/fonts/type1/urw/helvetic/uhvr8a.pfb><C:/Users/shour/AppDa
ta/Roaming/MiKTeX/2.9/fonts/type1/urw/helvetic/uhvro8a.pfb>
Output written on refman.pdf (88 pages, 552078 bytes).
PDF statistics:
 2078 PDF objects out of 2487 (max. 8388607)
 707 named destinations out of 1000 (max. 500000)
 81 words of extra memory for PDF output out of 10000 (max. 10000000)

