\BOOKMARK [0][-]{chapter.1}{\376\377\0001\000\040\000H\000i\000e\000r\000a\000r\000c\000h\000i\000c\000a\000l\000\040\000I\000n\000d\000e\000x}{}% 1
\BOOKMARK [1][-]{section.1.1}{\376\377\0001\000.\0001\000\040\000C\000l\000a\000s\000s\000\040\000H\000i\000e\000r\000a\000r\000c\000h\000y}{chapter.1}% 2
\BOOKMARK [0][-]{chapter.2}{\376\377\0002\000\040\000C\000l\000a\000s\000s\000\040\000I\000n\000d\000e\000x}{}% 3
\BOOKMARK [1][-]{section.2.1}{\376\377\0002\000.\0001\000\040\000C\000l\000a\000s\000s\000\040\000L\000i\000s\000t}{chapter.2}% 4
\BOOKMARK [0][-]{chapter.3}{\376\377\0003\000\040\000C\000l\000a\000s\000s\000\040\000D\000o\000c\000u\000m\000e\000n\000t\000a\000t\000i\000o\000n}{}% 5
\BOOKMARK [1][-]{section.3.1}{\376\377\0003\000.\0001\000\040\000c\000o\000m\000.\000f\000r\000o\000n\000t\000e\000n\000d\000.\000A\000d\000d\000.\000A\000d\000d\000H\000o\000u\000r\000s\000.\000A\000d\000d\000H\000o\000u\000r\000s\000\040\000C\000l\000a\000s\000s\000\040\000R\000e\000f\000e\000r\000e\000n\000c\000e}{chapter.3}% 6
\BOOKMARK [2][-]{subsection.3.1.1}{\376\377\0003\000.\0001\000.\0001\000\040\000D\000e\000t\000a\000i\000l\000e\000d\000\040\000D\000e\000s\000c\000r\000i\000p\000t\000i\000o\000n}{section.3.1}% 7
\BOOKMARK [1][-]{section.3.2}{\376\377\0003\000.\0002\000\040\000c\000o\000m\000.\000f\000r\000o\000n\000t\000e\000n\000d\000.\000A\000p\000p\000l\000i\000c\000a\000t\000i\000o\000n\000\040\000C\000l\000a\000s\000s\000\040\000R\000e\000f\000e\000r\000e\000n\000c\000e}{chapter.3}% 8
\BOOKMARK [2][-]{subsection.3.2.1}{\376\377\0003\000.\0002\000.\0001\000\040\000D\000e\000t\000a\000i\000l\000e\000d\000\040\000D\000e\000s\000c\000r\000i\000p\000t\000i\000o\000n}{section.3.2}% 9
\BOOKMARK [2][-]{subsection.3.2.2}{\376\377\0003\000.\0002\000.\0002\000\040\000M\000e\000m\000b\000e\000r\000\040\000F\000u\000n\000c\000t\000i\000o\000n\000\040\000D\000o\000c\000u\000m\000e\000n\000t\000a\000t\000i\000o\000n}{section.3.2}% 10
\BOOKMARK [3][-]{subsubsection.3.2.2.1}{\376\377\0003\000.\0002\000.\0002\000.\0001\000\040\000m\000a\000i\000n\000\050\000\051}{subsection.3.2.2}% 11
\BOOKMARK [1][-]{section.3.3}{\376\377\0003\000.\0003\000\040\000c\000o\000m\000.\000f\000r\000o\000n\000t\000e\000n\000d\000.\000C\000h\000a\000r\000t\000s\000\040\000C\000l\000a\000s\000s\000\040\000R\000e\000f\000e\000r\000e\000n\000c\000e}{chapter.3}% 12
\BOOKMARK [2][-]{subsection.3.3.1}{\376\377\0003\000.\0003\000.\0001\000\040\000D\000e\000t\000a\000i\000l\000e\000d\000\040\000D\000e\000s\000c\000r\000i\000p\000t\000i\000o\000n}{section.3.3}% 13
\BOOKMARK [2][-]{subsection.3.3.2}{\376\377\0003\000.\0003\000.\0002\000\040\000M\000e\000m\000b\000e\000r\000\040\000F\000u\000n\000c\000t\000i\000o\000n\000\040\000D\000o\000c\000u\000m\000e\000n\000t\000a\000t\000i\000o\000n}{section.3.3}% 14
\BOOKMARK [3][-]{subsubsection.3.3.2.1}{\376\377\0003\000.\0003\000.\0002\000.\0001\000\040\000a\000c\000h\000i\000e\000v\000e\000d\000G\000o\000a\000l\000P\000i\000e\000C\000h\000a\000r\000t\000\050\000\051}{subsection.3.3.2}% 15
\BOOKMARK [3][-]{subsubsection.3.3.2.2}{\376\377\0003\000.\0003\000.\0002\000.\0002\000\040\000b\000a\000r\000G\000r\000a\000p\000h\000C\000o\000m\000m\000u\000n\000i\000t\000y\000S\000e\000r\000v\000i\000c\000e\000C\000a\000t\000e\000g\000o\000r\000y\000A\000c\000h\000i\000e\000v\000e\000d\000\050\000\051}{subsection.3.3.2}% 16
\BOOKMARK [3][-]{subsubsection.3.3.2.3}{\376\377\0003\000.\0003\000.\0002\000.\0003\000\040\000b\000a\000r\000G\000r\000a\000p\000h\000C\000o\000m\000m\000u\000n\000i\000t\000y\000S\000e\000r\000v\000i\000c\000e\000C\000a\000t\000e\000g\000o\000r\000y\000G\000o\000a\000l\000s\000\050\000\051}{subsection.3.3.2}% 17
\BOOKMARK [3][-]{subsubsection.3.3.2.4}{\376\377\0003\000.\0003\000.\0002\000.\0004\000\040\000c\000o\000n\000t\000r\000i\000b\000u\000t\000i\000o\000n\000T\000r\000e\000e\000M\000a\000p\000C\000h\000a\000r\000t\000\050\000\051\000\040\000[\0001\000/\0002\000]}{subsection.3.3.2}% 18
\BOOKMARK [3][-]{subsubsection.3.3.2.5}{\376\377\0003\000.\0003\000.\0002\000.\0005\000\040\000c\000o\000n\000t\000r\000i\000b\000u\000t\000i\000o\000n\000T\000r\000e\000e\000M\000a\000p\000C\000h\000a\000r\000t\000\050\000\051\000\040\000[\0002\000/\0002\000]}{subsection.3.3.2}% 19
\BOOKMARK [3][-]{subsubsection.3.3.2.6}{\376\377\0003\000.\0003\000.\0002\000.\0006\000\040\000c\000u\000r\000r\000e\000n\000t\000D\000i\000v\000i\000s\000i\000o\000n\000C\000h\000a\000r\000t\000\050\000\051}{subsection.3.3.2}% 20
\BOOKMARK [3][-]{subsubsection.3.3.2.7}{\376\377\0003\000.\0003\000.\0002\000.\0007\000\040\000g\000o\000a\000l\000D\000i\000v\000i\000s\000i\000o\000n\000C\000h\000a\000r\000t\000\050\000\051}{subsection.3.3.2}% 21
\BOOKMARK [3][-]{subsubsection.3.3.2.8}{\376\377\0003\000.\0003\000.\0002\000.\0008\000\040\000m\000o\000n\000t\000h\000L\000i\000n\000e\000G\000r\000a\000p\000h\000\050\000\051}{subsection.3.3.2}% 22
\BOOKMARK [3][-]{subsubsection.3.3.2.9}{\376\377\0003\000.\0003\000.\0002\000.\0009\000\040\000s\000o\000l\000i\000d\000G\000a\000u\000g\000e\000\050\000\051}{subsection.3.3.2}% 23
\BOOKMARK [1][-]{section.3.4}{\376\377\0003\000.\0004\000\040\000c\000o\000m\000.\000f\000r\000o\000n\000t\000e\000n\000d\000.\000S\000e\000c\000u\000r\000i\000t\000y\000.\000C\000o\000n\000f\000i\000g\000u\000r\000e\000U\000I\000S\000e\000r\000v\000i\000c\000e\000I\000n\000i\000t\000L\000i\000s\000t\000e\000n\000e\000r\000\040\000C\000l\000a\000s\000s\000\040\000R\000e\000f\000e\000r\000e\000n\000c\000e}{chapter.3}% 24
\BOOKMARK [2][-]{subsection.3.4.1}{\376\377\0003\000.\0004\000.\0001\000\040\000D\000e\000t\000a\000i\000l\000e\000d\000\040\000D\000e\000s\000c\000r\000i\000p\000t\000i\000o\000n}{section.3.4}% 25
\BOOKMARK [1][-]{section.3.5}{\376\377\0003\000.\0005\000\040\000c\000o\000m\000.\000f\000r\000o\000n\000t\000e\000n\000d\000.\000A\000d\000d\000.\000C\000r\000e\000a\000t\000e\000S\000t\000u\000d\000e\000n\000t\000.\000C\000r\000e\000a\000t\000e\000S\000t\000u\000d\000e\000n\000t\000\040\000C\000l\000a\000s\000s\000\040\000R\000e\000f\000e\000r\000e\000n\000c\000e}{chapter.3}% 26
\BOOKMARK [2][-]{subsection.3.5.1}{\376\377\0003\000.\0005\000.\0001\000\040\000D\000e\000t\000a\000i\000l\000e\000d\000\040\000D\000e\000s\000c\000r\000i\000p\000t\000i\000o\000n}{section.3.5}% 27
\BOOKMARK [1][-]{section.3.6}{\376\377\0003\000.\0006\000\040\000c\000o\000m\000.\000b\000a\000c\000k\000e\000n\000d\000.\000D\000a\000t\000e\000\040\000C\000l\000a\000s\000s\000\040\000R\000e\000f\000e\000r\000e\000n\000c\000e}{chapter.3}% 28
\BOOKMARK [2][-]{subsection.3.6.1}{\376\377\0003\000.\0006\000.\0001\000\040\000D\000e\000t\000a\000i\000l\000e\000d\000\040\000D\000e\000s\000c\000r\000i\000p\000t\000i\000o\000n}{section.3.6}% 29
\BOOKMARK [2][-]{subsection.3.6.2}{\376\377\0003\000.\0006\000.\0002\000\040\000C\000o\000n\000s\000t\000r\000u\000c\000t\000o\000r\000\040\000\046\000\040\000D\000e\000s\000t\000r\000u\000c\000t\000o\000r\000\040\000D\000o\000c\000u\000m\000e\000n\000t\000a\000t\000i\000o\000n}{section.3.6}% 30
\BOOKMARK [3][-]{subsubsection.3.6.2.1}{\376\377\0003\000.\0006\000.\0002\000.\0001\000\040\000D\000a\000t\000e\000\050\000\051\000\040\000[\0001\000/\0002\000]}{subsection.3.6.2}% 31
\BOOKMARK [3][-]{subsubsection.3.6.2.2}{\376\377\0003\000.\0006\000.\0002\000.\0002\000\040\000D\000a\000t\000e\000\050\000\051\000\040\000[\0002\000/\0002\000]}{subsection.3.6.2}% 32
\BOOKMARK [2][-]{subsection.3.6.3}{\376\377\0003\000.\0006\000.\0003\000\040\000M\000e\000m\000b\000e\000r\000\040\000F\000u\000n\000c\000t\000i\000o\000n\000\040\000D\000o\000c\000u\000m\000e\000n\000t\000a\000t\000i\000o\000n}{section.3.6}% 33
\BOOKMARK [3][-]{subsubsection.3.6.3.1}{\376\377\0003\000.\0006\000.\0003\000.\0001\000\040\000c\000l\000o\000n\000e\000\050\000\051}{subsection.3.6.3}% 34
\BOOKMARK [3][-]{subsubsection.3.6.3.2}{\376\377\0003\000.\0006\000.\0003\000.\0002\000\040\000c\000o\000m\000p\000a\000r\000e\000\050\000\051}{subsection.3.6.3}% 35
\BOOKMARK [3][-]{subsubsection.3.6.3.3}{\376\377\0003\000.\0006\000.\0003\000.\0003\000\040\000c\000o\000m\000p\000a\000r\000e\000T\000o\000\050\000\051}{subsection.3.6.3}% 36
\BOOKMARK [3][-]{subsubsection.3.6.3.4}{\376\377\0003\000.\0006\000.\0003\000.\0004\000\040\000e\000q\000u\000a\000l\000s\000\050\000\051}{subsection.3.6.3}% 37
\BOOKMARK [3][-]{subsubsection.3.6.3.5}{\376\377\0003\000.\0006\000.\0003\000.\0005\000\040\000e\000q\000u\000a\000l\000s\000N\000o\000D\000a\000y\000\050\000\051}{subsection.3.6.3}% 38
\BOOKMARK [3][-]{subsubsection.3.6.3.6}{\376\377\0003\000.\0006\000.\0003\000.\0006\000\040\000f\000a\000k\000e\000D\000a\000t\000e\000\050\000\051}{subsection.3.6.3}% 39
\BOOKMARK [3][-]{subsubsection.3.6.3.7}{\376\377\0003\000.\0006\000.\0003\000.\0007\000\040\000g\000e\000t\000D\000a\000y\000\050\000\051}{subsection.3.6.3}% 40
\BOOKMARK [3][-]{subsubsection.3.6.3.8}{\376\377\0003\000.\0006\000.\0003\000.\0008\000\040\000g\000e\000t\000L\000o\000c\000a\000l\000D\000a\000t\000e\000\050\000\051}{subsection.3.6.3}% 41
\BOOKMARK [3][-]{subsubsection.3.6.3.9}{\376\377\0003\000.\0006\000.\0003\000.\0009\000\040\000g\000e\000t\000M\000o\000n\000t\000h\000\050\000\051\000\040\000[\0001\000/\0003\000]}{subsection.3.6.3}% 42
\BOOKMARK [3][-]{subsubsection.3.6.3.10}{\376\377\0003\000.\0006\000.\0003\000.\0001\0000\000\040\000g\000e\000t\000M\000o\000n\000t\000h\000\050\000\051\000\040\000[\0002\000/\0003\000]}{subsection.3.6.3}% 43
\BOOKMARK [3][-]{subsubsection.3.6.3.11}{\376\377\0003\000.\0006\000.\0003\000.\0001\0001\000\040\000g\000e\000t\000M\000o\000n\000t\000h\000\050\000\051\000\040\000[\0003\000/\0003\000]}{subsection.3.6.3}% 44
\BOOKMARK [3][-]{subsubsection.3.6.3.12}{\376\377\0003\000.\0006\000.\0003\000.\0001\0002\000\040\000g\000e\000t\000M\000o\000n\000t\000h\000S\000t\000r\000i\000n\000g\000\050\000\051}{subsection.3.6.3}% 45
\BOOKMARK [3][-]{subsubsection.3.6.3.13}{\376\377\0003\000.\0006\000.\0003\000.\0001\0003\000\040\000g\000e\000t\000Y\000e\000a\000r\000\050\000\051}{subsection.3.6.3}% 46
\BOOKMARK [3][-]{subsubsection.3.6.3.14}{\376\377\0003\000.\0006\000.\0003\000.\0001\0004\000\040\000o\000p\000t\000i\000o\000n\000T\000o\000D\000a\000t\000e\000\050\000\051}{subsection.3.6.3}% 47
\BOOKMARK [3][-]{subsubsection.3.6.3.15}{\376\377\0003\000.\0006\000.\0003\000.\0001\0005\000\040\000s\000e\000t\000D\000a\000t\000e\000\050\000\051\000\040\000[\0001\000/\0002\000]}{subsection.3.6.3}% 48
\BOOKMARK [3][-]{subsubsection.3.6.3.16}{\376\377\0003\000.\0006\000.\0003\000.\0001\0006\000\040\000s\000e\000t\000D\000a\000t\000e\000\050\000\051\000\040\000[\0002\000/\0002\000]}{subsection.3.6.3}% 49
\BOOKMARK [3][-]{subsubsection.3.6.3.17}{\376\377\0003\000.\0006\000.\0003\000.\0001\0007\000\040\000s\000e\000t\000D\000a\000y\000\050\000\051}{subsection.3.6.3}% 50
\BOOKMARK [3][-]{subsubsection.3.6.3.18}{\376\377\0003\000.\0006\000.\0003\000.\0001\0008\000\040\000s\000e\000t\000M\000o\000n\000t\000h\000\050\000\051}{subsection.3.6.3}% 51
\BOOKMARK [3][-]{subsubsection.3.6.3.19}{\376\377\0003\000.\0006\000.\0003\000.\0001\0009\000\040\000s\000e\000t\000Y\000e\000a\000r\000\050\000\051}{subsection.3.6.3}% 52
\BOOKMARK [3][-]{subsubsection.3.6.3.20}{\376\377\0003\000.\0006\000.\0003\000.\0002\0000\000\040\000t\000o\000S\000t\000r\000i\000n\000g\000\050\000\051}{subsection.3.6.3}% 53
\BOOKMARK [3][-]{subsubsection.3.6.3.21}{\376\377\0003\000.\0006\000.\0003\000.\0002\0001\000\040\000t\000o\000S\000t\000r\000i\000n\000g\000R\000e\000g\000u\000l\000a\000r\000\050\000\051}{subsection.3.6.3}% 54
\BOOKMARK [1][-]{section.3.7}{\376\377\0003\000.\0007\000\040\000c\000o\000m\000.\000f\000r\000o\000n\000t\000e\000n\000d\000.\000D\000o\000c\000u\000m\000e\000n\000t\000a\000t\000i\000o\000n\000.\000D\000o\000c\000u\000m\000e\000n\000t\000a\000t\000i\000o\000n\000\040\000C\000l\000a\000s\000s\000\040\000R\000e\000f\000e\000r\000e\000n\000c\000e}{chapter.3}% 55
\BOOKMARK [2][-]{subsection.3.7.1}{\376\377\0003\000.\0007\000.\0001\000\040\000D\000e\000t\000a\000i\000l\000e\000d\000\040\000D\000e\000s\000c\000r\000i\000p\000t\000i\000o\000n}{section.3.7}% 56
\BOOKMARK [1][-]{section.3.8}{\376\377\0003\000.\0008\000\040\000c\000o\000m\000.\000b\000a\000c\000k\000e\000n\000d\000.\000E\000v\000e\000n\000t\000\040\000C\000l\000a\000s\000s\000\040\000R\000e\000f\000e\000r\000e\000n\000c\000e}{chapter.3}% 57
\BOOKMARK [2][-]{subsection.3.8.1}{\376\377\0003\000.\0008\000.\0001\000\040\000D\000e\000t\000a\000i\000l\000e\000d\000\040\000D\000e\000s\000c\000r\000i\000p\000t\000i\000o\000n}{section.3.8}% 58
\BOOKMARK [2][-]{subsection.3.8.2}{\376\377\0003\000.\0008\000.\0002\000\040\000C\000o\000n\000s\000t\000r\000u\000c\000t\000o\000r\000\040\000\046\000\040\000D\000e\000s\000t\000r\000u\000c\000t\000o\000r\000\040\000D\000o\000c\000u\000m\000e\000n\000t\000a\000t\000i\000o\000n}{section.3.8}% 59
\BOOKMARK [3][-]{subsubsection.3.8.2.1}{\376\377\0003\000.\0008\000.\0002\000.\0001\000\040\000E\000v\000e\000n\000t\000\050\000\051\000\040\000[\0001\000/\0002\000]}{subsection.3.8.2}% 60
\BOOKMARK [3][-]{subsubsection.3.8.2.2}{\376\377\0003\000.\0008\000.\0002\000.\0002\000\040\000E\000v\000e\000n\000t\000\050\000\051\000\040\000[\0002\000/\0002\000]}{subsection.3.8.2}% 61
\BOOKMARK [2][-]{subsection.3.8.3}{\376\377\0003\000.\0008\000.\0003\000\040\000M\000e\000m\000b\000e\000r\000\040\000F\000u\000n\000c\000t\000i\000o\000n\000\040\000D\000o\000c\000u\000m\000e\000n\000t\000a\000t\000i\000o\000n}{section.3.8}% 62
\BOOKMARK [3][-]{subsubsection.3.8.3.1}{\376\377\0003\000.\0008\000.\0003\000.\0001\000\040\000c\000o\000m\000p\000a\000r\000e\000\050\000\051}{subsection.3.8.3}% 63
\BOOKMARK [3][-]{subsubsection.3.8.3.2}{\376\377\0003\000.\0008\000.\0003\000.\0002\000\040\000c\000o\000m\000p\000a\000r\000e\000T\000o\000\050\000\051}{subsection.3.8.3}% 64
\BOOKMARK [3][-]{subsubsection.3.8.3.3}{\376\377\0003\000.\0008\000.\0003\000.\0003\000\040\000g\000e\000t\000D\000a\000t\000e\000\050\000\051}{subsection.3.8.3}% 65
\BOOKMARK [3][-]{subsubsection.3.8.3.4}{\376\377\0003\000.\0008\000.\0003\000.\0004\000\040\000g\000e\000t\000D\000a\000y\000\050\000\051}{subsection.3.8.3}% 66
\BOOKMARK [3][-]{subsubsection.3.8.3.5}{\376\377\0003\000.\0008\000.\0003\000.\0005\000\040\000g\000e\000t\000E\000v\000e\000n\000t\000N\000a\000m\000e\000\050\000\051}{subsection.3.8.3}% 67
\BOOKMARK [3][-]{subsubsection.3.8.3.6}{\376\377\0003\000.\0008\000.\0003\000.\0006\000\040\000g\000e\000t\000H\000o\000u\000r\000s\000\050\000\051}{subsection.3.8.3}% 68
\BOOKMARK [3][-]{subsubsection.3.8.3.7}{\376\377\0003\000.\0008\000.\0003\000.\0007\000\040\000g\000e\000t\000L\000o\000c\000a\000l\000D\000a\000t\000e\000\050\000\051}{subsection.3.8.3}% 69
\BOOKMARK [3][-]{subsubsection.3.8.3.8}{\376\377\0003\000.\0008\000.\0003\000.\0008\000\040\000g\000e\000t\000M\000o\000n\000t\000h\000\050\000\051}{subsection.3.8.3}% 70
\BOOKMARK [3][-]{subsubsection.3.8.3.9}{\376\377\0003\000.\0008\000.\0003\000.\0009\000\040\000g\000e\000t\000M\000o\000n\000t\000h\000s\000W\000i\000t\000h\000Y\000e\000a\000r\000\050\000\051}{subsection.3.8.3}% 71
\BOOKMARK [3][-]{subsubsection.3.8.3.10}{\376\377\0003\000.\0008\000.\0003\000.\0001\0000\000\040\000g\000e\000t\000T\000o\000t\000a\000l\000H\000o\000u\000r\000s\000\050\000\051}{subsection.3.8.3}% 72
\BOOKMARK [3][-]{subsubsection.3.8.3.11}{\376\377\0003\000.\0008\000.\0003\000.\0001\0001\000\040\000g\000e\000t\000Y\000e\000a\000r\000\050\000\051}{subsection.3.8.3}% 73
\BOOKMARK [3][-]{subsubsection.3.8.3.12}{\376\377\0003\000.\0008\000.\0003\000.\0001\0002\000\040\000m\000o\000n\000t\000h\000s\000I\000n\000R\000a\000n\000g\000e\000\050\000\051}{subsection.3.8.3}% 74
\BOOKMARK [3][-]{subsubsection.3.8.3.13}{\376\377\0003\000.\0008\000.\0003\000.\0001\0003\000\040\000s\000e\000t\000D\000a\000t\000e\000\050\000\051\000\040\000[\0001\000/\0004\000]}{subsection.3.8.3}% 75
\BOOKMARK [3][-]{subsubsection.3.8.3.14}{\376\377\0003\000.\0008\000.\0003\000.\0001\0004\000\040\000s\000e\000t\000D\000a\000t\000e\000\050\000\051\000\040\000[\0002\000/\0004\000]}{subsection.3.8.3}% 76
\BOOKMARK [3][-]{subsubsection.3.8.3.15}{\376\377\0003\000.\0008\000.\0003\000.\0001\0005\000\040\000s\000e\000t\000D\000a\000t\000e\000\050\000\051\000\040\000[\0003\000/\0004\000]}{subsection.3.8.3}% 77
\BOOKMARK [3][-]{subsubsection.3.8.3.16}{\376\377\0003\000.\0008\000.\0003\000.\0001\0006\000\040\000s\000e\000t\000D\000a\000t\000e\000\050\000\051\000\040\000[\0004\000/\0004\000]}{subsection.3.8.3}% 78
\BOOKMARK [3][-]{subsubsection.3.8.3.17}{\376\377\0003\000.\0008\000.\0003\000.\0001\0007\000\040\000s\000e\000t\000D\000a\000y\000\050\000\051}{subsection.3.8.3}% 79
\BOOKMARK [3][-]{subsubsection.3.8.3.18}{\376\377\0003\000.\0008\000.\0003\000.\0001\0008\000\040\000s\000e\000t\000E\000v\000e\000n\000t\000N\000a\000m\000e\000\050\000\051}{subsection.3.8.3}% 80
\BOOKMARK [3][-]{subsubsection.3.8.3.19}{\376\377\0003\000.\0008\000.\0003\000.\0001\0009\000\040\000s\000e\000t\000H\000o\000u\000r\000s\000\050\000\051\000\040\000[\0001\000/\0002\000]}{subsection.3.8.3}% 81
\BOOKMARK [3][-]{subsubsection.3.8.3.20}{\376\377\0003\000.\0008\000.\0003\000.\0002\0000\000\040\000s\000e\000t\000H\000o\000u\000r\000s\000\050\000\051\000\040\000[\0002\000/\0002\000]}{subsection.3.8.3}% 82
\BOOKMARK [3][-]{subsubsection.3.8.3.21}{\376\377\0003\000.\0008\000.\0003\000.\0002\0001\000\040\000s\000e\000t\000M\000o\000n\000t\000h\000\050\000\051}{subsection.3.8.3}% 83
\BOOKMARK [3][-]{subsubsection.3.8.3.22}{\376\377\0003\000.\0008\000.\0003\000.\0002\0002\000\040\000s\000e\000t\000Y\000e\000a\000r\000\050\000\051}{subsection.3.8.3}% 84
\BOOKMARK [3][-]{subsubsection.3.8.3.23}{\376\377\0003\000.\0008\000.\0003\000.\0002\0003\000\040\000t\000o\000S\000t\000r\000i\000n\000g\000\050\000\051}{subsection.3.8.3}% 85
\BOOKMARK [3][-]{subsubsection.3.8.3.24}{\376\377\0003\000.\0008\000.\0003\000.\0002\0004\000\040\000u\000p\000d\000a\000t\000e\000E\000v\000e\000n\000t\000\050\000\051}{subsection.3.8.3}% 86
\BOOKMARK [1][-]{section.3.9}{\376\377\0003\000.\0009\000\040\000c\000o\000m\000.\000f\000r\000o\000n\000t\000e\000n\000d\000.\000G\000e\000t\000S\000t\000u\000d\000e\000n\000t\000I\000n\000f\000o\000r\000m\000a\000t\000i\000o\000n\000.\000G\000e\000t\000S\000t\000u\000d\000e\000n\000t\000I\000n\000f\000o\000r\000m\000a\000t\000i\000o\000n\000\040\000C\000l\000a\000s\000s\000\040\000R\000e\000f\000e\000r\000e\000n\000c\000e}{chapter.3}% 87
\BOOKMARK [2][-]{subsection.3.9.1}{\376\377\0003\000.\0009\000.\0001\000\040\000D\000e\000t\000a\000i\000l\000e\000d\000\040\000D\000e\000s\000c\000r\000i\000p\000t\000i\000o\000n}{section.3.9}% 88
\BOOKMARK [2][-]{subsection.3.9.2}{\376\377\0003\000.\0009\000.\0002\000\040\000M\000e\000m\000b\000e\000r\000\040\000F\000u\000n\000c\000t\000i\000o\000n\000\040\000D\000o\000c\000u\000m\000e\000n\000t\000a\000t\000i\000o\000n}{section.3.9}% 89
\BOOKMARK [3][-]{subsubsection.3.9.2.1}{\376\377\0003\000.\0009\000.\0002\000.\0001\000\040\000d\000e\000l\000e\000t\000e\000B\000u\000t\000t\000o\000n\000\050\000\051}{subsection.3.9.2}% 90
\BOOKMARK [3][-]{subsubsection.3.9.2.2}{\376\377\0003\000.\0009\000.\0002\000.\0002\000\040\000e\000x\000p\000a\000n\000d\000B\000u\000t\000t\000o\000n\000\050\000\051}{subsection.3.9.2}% 91
\BOOKMARK [1][-]{section.3.10}{\376\377\0003\000.\0001\0000\000\040\000c\000o\000m\000.\000f\000r\000o\000n\000t\000e\000n\000d\000.\000H\000o\000m\000e\000\040\000C\000l\000a\000s\000s\000\040\000R\000e\000f\000e\000r\000e\000n\000c\000e}{chapter.3}% 92
\BOOKMARK [2][-]{subsection.3.10.1}{\376\377\0003\000.\0001\0000\000.\0001\000\040\000D\000e\000t\000a\000i\000l\000e\000d\000\040\000D\000e\000s\000c\000r\000i\000p\000t\000i\000o\000n}{section.3.10}% 93
\BOOKMARK [1][-]{section.3.11}{\376\377\0003\000.\0001\0001\000\040\000c\000o\000m\000.\000f\000r\000o\000n\000t\000e\000n\000d\000.\000L\000o\000g\000i\000n\000.\000L\000o\000g\000i\000n\000V\000i\000e\000w\000\040\000C\000l\000a\000s\000s\000\040\000R\000e\000f\000e\000r\000e\000n\000c\000e}{chapter.3}% 94
\BOOKMARK [2][-]{subsection.3.11.1}{\376\377\0003\000.\0001\0001\000.\0001\000\040\000D\000e\000t\000a\000i\000l\000e\000d\000\040\000D\000e\000s\000c\000r\000i\000p\000t\000i\000o\000n}{section.3.11}% 95
\BOOKMARK [2][-]{subsection.3.11.2}{\376\377\0003\000.\0001\0001\000.\0002\000\040\000M\000e\000m\000b\000e\000r\000\040\000F\000u\000n\000c\000t\000i\000o\000n\000\040\000D\000o\000c\000u\000m\000e\000n\000t\000a\000t\000i\000o\000n}{section.3.11}% 96
\BOOKMARK [3][-]{subsubsection.3.11.2.1}{\376\377\0003\000.\0001\0001\000.\0002\000.\0001\000\040\000b\000e\000f\000o\000r\000e\000E\000n\000t\000e\000r\000\050\000\051}{subsection.3.11.2}% 97
\BOOKMARK [1][-]{section.3.12}{\376\377\0003\000.\0001\0002\000\040\000c\000o\000m\000.\000f\000r\000o\000n\000t\000e\000n\000d\000.\000M\000a\000i\000n\000V\000i\000e\000w\000\040\000C\000l\000a\000s\000s\000\040\000R\000e\000f\000e\000r\000e\000n\000c\000e}{chapter.3}% 98
\BOOKMARK [2][-]{subsection.3.12.1}{\376\377\0003\000.\0001\0002\000.\0001\000\040\000D\000e\000t\000a\000i\000l\000e\000d\000\040\000D\000e\000s\000c\000r\000i\000p\000t\000i\000o\000n}{section.3.12}% 99
\BOOKMARK [2][-]{subsection.3.12.2}{\376\377\0003\000.\0001\0002\000.\0002\000\040\000M\000e\000m\000b\000e\000r\000\040\000F\000u\000n\000c\000t\000i\000o\000n\000\040\000D\000o\000c\000u\000m\000e\000n\000t\000a\000t\000i\000o\000n}{section.3.12}% 100
\BOOKMARK [3][-]{subsubsection.3.12.2.1}{\376\377\0003\000.\0001\0002\000.\0002\000.\0001\000\040\000g\000e\000t\000T\000a\000b\000s\000\050\000\051}{subsection.3.12.2}% 101
\BOOKMARK [1][-]{section.3.13}{\376\377\0003\000.\0001\0003\000\040\000c\000o\000m\000.\000b\000a\000c\000k\000e\000n\000d\000.\000M\000y\000S\000Q\000L\000M\000e\000t\000h\000o\000d\000s\000\040\000C\000l\000a\000s\000s\000\040\000R\000e\000f\000e\000r\000e\000n\000c\000e}{chapter.3}% 102
\BOOKMARK [2][-]{subsection.3.13.1}{\376\377\0003\000.\0001\0003\000.\0001\000\040\000D\000e\000t\000a\000i\000l\000e\000d\000\040\000D\000e\000s\000c\000r\000i\000p\000t\000i\000o\000n}{section.3.13}% 103
\BOOKMARK [2][-]{subsection.3.13.2}{\376\377\0003\000.\0001\0003\000.\0002\000\040\000M\000e\000m\000b\000e\000r\000\040\000F\000u\000n\000c\000t\000i\000o\000n\000\040\000D\000o\000c\000u\000m\000e\000n\000t\000a\000t\000i\000o\000n}{section.3.13}% 104
\BOOKMARK [3][-]{subsubsection.3.13.2.1}{\376\377\0003\000.\0001\0003\000.\0002\000.\0001\000\040\000a\000d\000d\000S\000t\000u\000d\000e\000n\000t\000H\000o\000u\000r\000s\000\050\000\051}{subsection.3.13.2}% 105
\BOOKMARK [3][-]{subsubsection.3.13.2.2}{\376\377\0003\000.\0001\0003\000.\0002\000.\0002\000\040\000a\000d\000d\000U\000s\000e\000r\000P\000a\000s\000s\000\050\000\051}{subsection.3.13.2}% 106
\BOOKMARK [3][-]{subsubsection.3.13.2.3}{\376\377\0003\000.\0001\0003\000.\0002\000.\0003\000\040\000c\000r\000e\000a\000t\000e\000D\000a\000t\000a\000b\000a\000s\000e\000\050\000\051}{subsection.3.13.2}% 107
\BOOKMARK [3][-]{subsubsection.3.13.2.4}{\376\377\0003\000.\0001\0003\000.\0002\000.\0004\000\040\000c\000r\000e\000a\000t\000e\000S\000t\000u\000d\000e\000n\000t\000\050\000\051}{subsection.3.13.2}% 108
\BOOKMARK [3][-]{subsubsection.3.13.2.5}{\376\377\0003\000.\0001\0003\000.\0002\000.\0005\000\040\000c\000r\000e\000a\000t\000e\000S\000t\000u\000d\000e\000n\000t\000T\000a\000b\000l\000e\000\050\000\051}{subsection.3.13.2}% 109
\BOOKMARK [3][-]{subsubsection.3.13.2.6}{\376\377\0003\000.\0001\0003\000.\0002\000.\0006\000\040\000d\000e\000l\000e\000t\000e\000\050\000\051\000\040\000[\0001\000/\0002\000]}{subsection.3.13.2}% 110
\BOOKMARK [3][-]{subsubsection.3.13.2.7}{\376\377\0003\000.\0001\0003\000.\0002\000.\0007\000\040\000d\000e\000l\000e\000t\000e\000\050\000\051\000\040\000[\0002\000/\0002\000]}{subsection.3.13.2}% 111
\BOOKMARK [3][-]{subsubsection.3.13.2.8}{\376\377\0003\000.\0001\0003\000.\0002\000.\0008\000\040\000g\000e\000t\000H\000o\000u\000r\000s\000A\000l\000l\000\050\000\051}{subsection.3.13.2}% 112
\BOOKMARK [3][-]{subsubsection.3.13.2.9}{\376\377\0003\000.\0001\0003\000.\0002\000.\0009\000\040\000g\000e\000t\000H\000o\000u\000r\000s\000M\000o\000n\000t\000h\000\050\000\051}{subsection.3.13.2}% 113
\BOOKMARK [3][-]{subsubsection.3.13.2.10}{\376\377\0003\000.\0001\0003\000.\0002\000.\0001\0000\000\040\000g\000e\000t\000H\000o\000u\000r\000s\000W\000e\000e\000k\000\050\000\051}{subsection.3.13.2}% 114
\BOOKMARK [3][-]{subsubsection.3.13.2.11}{\376\377\0003\000.\0001\0003\000.\0002\000.\0001\0001\000\040\000g\000e\000t\000H\000o\000u\000r\000s\000Y\000e\000a\000r\000\050\000\051}{subsection.3.13.2}% 115
\BOOKMARK [3][-]{subsubsection.3.13.2.12}{\376\377\0003\000.\0001\0003\000.\0002\000.\0001\0002\000\040\000g\000e\000t\000S\000t\000u\000d\000e\000n\000t\000D\000a\000t\000a\000\050\000\051\000\040\000[\0001\000/\0002\000]}{subsection.3.13.2}% 116
\BOOKMARK [3][-]{subsubsection.3.13.2.13}{\376\377\0003\000.\0001\0003\000.\0002\000.\0001\0003\000\040\000g\000e\000t\000S\000t\000u\000d\000e\000n\000t\000D\000a\000t\000a\000\050\000\051\000\040\000[\0002\000/\0002\000]}{subsection.3.13.2}% 117
\BOOKMARK [3][-]{subsubsection.3.13.2.14}{\376\377\0003\000.\0001\0003\000.\0002\000.\0001\0004\000\040\000g\000e\000t\000S\000t\000u\000d\000e\000n\000t\000s\000\050\000\051}{subsection.3.13.2}% 118
\BOOKMARK [3][-]{subsubsection.3.13.2.15}{\376\377\0003\000.\0001\0003\000.\0002\000.\0001\0005\000\040\000m\000a\000k\000e\000N\000a\000m\000e\000\050\000\051\000\040\000[\0001\000/\0002\000]}{subsection.3.13.2}% 119
\BOOKMARK [3][-]{subsubsection.3.13.2.16}{\376\377\0003\000.\0001\0003\000.\0002\000.\0001\0006\000\040\000m\000a\000k\000e\000N\000a\000m\000e\000\050\000\051\000\040\000[\0002\000/\0002\000]}{subsection.3.13.2}% 120
\BOOKMARK [3][-]{subsubsection.3.13.2.17}{\376\377\0003\000.\0001\0003\000.\0002\000.\0001\0007\000\040\000n\000u\000m\000b\000e\000r\000O\000f\000R\000o\000w\000s\000\050\000\051}{subsection.3.13.2}% 121
\BOOKMARK [3][-]{subsubsection.3.13.2.18}{\376\377\0003\000.\0001\0003\000.\0002\000.\0001\0008\000\040\000r\000o\000u\000n\000d\000\050\000\051}{subsection.3.13.2}% 122
\BOOKMARK [3][-]{subsubsection.3.13.2.19}{\376\377\0003\000.\0001\0003\000.\0002\000.\0001\0009\000\040\000s\000e\000l\000e\000c\000t\000P\000a\000s\000s\000\050\000\051}{subsection.3.13.2}% 123
\BOOKMARK [3][-]{subsubsection.3.13.2.20}{\376\377\0003\000.\0001\0003\000.\0002\000.\0002\0000\000\040\000s\000e\000l\000e\000c\000t\000S\000t\000u\000d\000e\000n\000t\000E\000v\000e\000n\000t\000s\000A\000s\000E\000v\000e\000n\000t\000\050\000\051\000\040\000[\0001\000/\0002\000]}{subsection.3.13.2}% 124
\BOOKMARK [3][-]{subsubsection.3.13.2.21}{\376\377\0003\000.\0001\0003\000.\0002\000.\0002\0001\000\040\000s\000e\000l\000e\000c\000t\000S\000t\000u\000d\000e\000n\000t\000E\000v\000e\000n\000t\000s\000A\000s\000E\000v\000e\000n\000t\000\050\000\051\000\040\000[\0002\000/\0002\000]}{subsection.3.13.2}% 125
\BOOKMARK [3][-]{subsubsection.3.13.2.22}{\376\377\0003\000.\0001\0003\000.\0002\000.\0002\0002\000\040\000s\000e\000l\000e\000c\000t\000S\000t\000u\000d\000e\000n\000t\000E\000v\000e\000n\000t\000s\000I\000n\000R\000a\000n\000g\000e\000\050\000\051}{subsection.3.13.2}% 126
\BOOKMARK [3][-]{subsubsection.3.13.2.23}{\376\377\0003\000.\0001\0003\000.\0002\000.\0002\0003\000\040\000s\000e\000l\000e\000c\000t\000T\000r\000a\000c\000k\000e\000r\000A\000s\000S\000t\000u\000d\000e\000n\000t\000\050\000\051}{subsection.3.13.2}% 127
\BOOKMARK [3][-]{subsubsection.3.13.2.24}{\376\377\0003\000.\0001\0003\000.\0002\000.\0002\0004\000\040\000s\000e\000l\000e\000c\000t\000T\000r\000a\000c\000k\000e\000r\000D\000o\000u\000b\000l\000e\000\050\000\051}{subsection.3.13.2}% 128
\BOOKMARK [3][-]{subsubsection.3.13.2.25}{\376\377\0003\000.\0001\0003\000.\0002\000.\0002\0005\000\040\000s\000e\000l\000e\000c\000t\000T\000r\000a\000c\000k\000e\000r\000I\000n\000t\000\050\000\051}{subsection.3.13.2}% 129
\BOOKMARK [3][-]{subsubsection.3.13.2.26}{\376\377\0003\000.\0001\0003\000.\0002\000.\0002\0006\000\040\000s\000e\000l\000e\000c\000t\000T\000r\000a\000c\000k\000e\000r\000S\000h\000o\000r\000t\000\050\000\051}{subsection.3.13.2}% 130
\BOOKMARK [3][-]{subsubsection.3.13.2.27}{\376\377\0003\000.\0001\0003\000.\0002\000.\0002\0007\000\040\000s\000e\000l\000e\000c\000t\000T\000r\000a\000c\000k\000e\000r\000S\000t\000r\000i\000n\000g\000\050\000\051}{subsection.3.13.2}% 131
\BOOKMARK [3][-]{subsubsection.3.13.2.28}{\376\377\0003\000.\0001\0003\000.\0002\000.\0002\0008\000\040\000u\000p\000d\000a\000t\000e\000E\000v\000e\000n\000t\000\050\000\051}{subsection.3.13.2}% 132
\BOOKMARK [3][-]{subsubsection.3.13.2.29}{\376\377\0003\000.\0001\0003\000.\0002\000.\0002\0009\000\040\000u\000p\000d\000a\000t\000e\000F\000i\000r\000s\000t\000N\000a\000m\000e\000\050\000\051}{subsection.3.13.2}% 133
\BOOKMARK [3][-]{subsubsection.3.13.2.30}{\376\377\0003\000.\0001\0003\000.\0002\000.\0003\0000\000\040\000u\000p\000d\000a\000t\000e\000L\000a\000s\000t\000N\000a\000m\000e\000\050\000\051}{subsection.3.13.2}% 134
\BOOKMARK [3][-]{subsubsection.3.13.2.31}{\376\377\0003\000.\0001\0003\000.\0002\000.\0003\0001\000\040\000u\000p\000d\000a\000t\000e\000S\000t\000u\000d\000e\000n\000t\000I\000D\000\050\000\051}{subsection.3.13.2}% 135
\BOOKMARK [3][-]{subsubsection.3.13.2.32}{\376\377\0003\000.\0001\0003\000.\0002\000.\0003\0002\000\040\000u\000p\000d\000a\000t\000e\000T\000o\000C\000u\000r\000r\000e\000n\000t\000D\000a\000t\000e\000\050\000\051}{subsection.3.13.2}% 136
\BOOKMARK [3][-]{subsubsection.3.13.2.33}{\376\377\0003\000.\0001\0003\000.\0002\000.\0003\0003\000\040\000u\000p\000d\000a\000t\000e\000T\000r\000a\000c\000k\000e\000r\000\050\000\051\000\040\000[\0001\000/\0002\000]}{subsection.3.13.2}% 137
\BOOKMARK [3][-]{subsubsection.3.13.2.34}{\376\377\0003\000.\0001\0003\000.\0002\000.\0003\0004\000\040\000u\000p\000d\000a\000t\000e\000T\000r\000a\000c\000k\000e\000r\000\050\000\051\000\040\000[\0002\000/\0002\000]}{subsection.3.13.2}% 138
\BOOKMARK [1][-]{section.3.14}{\376\377\0003\000.\0001\0004\000\040\000c\000o\000m\000.\000b\000a\000c\000k\000e\000n\000d\000.\000P\000e\000r\000c\000e\000n\000t\000\040\000C\000l\000a\000s\000s\000\040\000R\000e\000f\000e\000r\000e\000n\000c\000e}{chapter.3}% 139
\BOOKMARK [2][-]{subsection.3.14.1}{\376\377\0003\000.\0001\0004\000.\0001\000\040\000D\000e\000t\000a\000i\000l\000e\000d\000\040\000D\000e\000s\000c\000r\000i\000p\000t\000i\000o\000n}{section.3.14}% 140
\BOOKMARK [2][-]{subsection.3.14.2}{\376\377\0003\000.\0001\0004\000.\0002\000\040\000C\000o\000n\000s\000t\000r\000u\000c\000t\000o\000r\000\040\000\046\000\040\000D\000e\000s\000t\000r\000u\000c\000t\000o\000r\000\040\000D\000o\000c\000u\000m\000e\000n\000t\000a\000t\000i\000o\000n}{section.3.14}% 141
\BOOKMARK [3][-]{subsubsection.3.14.2.1}{\376\377\0003\000.\0001\0004\000.\0002\000.\0001\000\040\000P\000e\000r\000c\000e\000n\000t\000\050\000\051\000\040\000[\0001\000/\0002\000]}{subsection.3.14.2}% 142
\BOOKMARK [3][-]{subsubsection.3.14.2.2}{\376\377\0003\000.\0001\0004\000.\0002\000.\0002\000\040\000P\000e\000r\000c\000e\000n\000t\000\050\000\051\000\040\000[\0002\000/\0002\000]}{subsection.3.14.2}% 143
\BOOKMARK [2][-]{subsection.3.14.3}{\376\377\0003\000.\0001\0004\000.\0003\000\040\000M\000e\000m\000b\000e\000r\000\040\000F\000u\000n\000c\000t\000i\000o\000n\000\040\000D\000o\000c\000u\000m\000e\000n\000t\000a\000t\000i\000o\000n}{section.3.14}% 144
\BOOKMARK [3][-]{subsubsection.3.14.3.1}{\376\377\0003\000.\0001\0004\000.\0003\000.\0001\000\040\000d\000o\000u\000b\000l\000e\000V\000a\000l\000u\000e\000\050\000\051}{subsection.3.14.3}% 145
\BOOKMARK [3][-]{subsubsection.3.14.3.2}{\376\377\0003\000.\0001\0004\000.\0003\000.\0002\000\040\000f\000l\000o\000a\000t\000V\000a\000l\000u\000e\000\050\000\051}{subsection.3.14.3}% 146
\BOOKMARK [3][-]{subsubsection.3.14.3.3}{\376\377\0003\000.\0001\0004\000.\0003\000.\0003\000\040\000g\000e\000t\000P\000e\000r\000c\000e\000n\000t\000\050\000\051}{subsection.3.14.3}% 147
\BOOKMARK [3][-]{subsubsection.3.14.3.4}{\376\377\0003\000.\0001\0004\000.\0003\000.\0004\000\040\000i\000n\000t\000V\000a\000l\000u\000e\000\050\000\051}{subsection.3.14.3}% 148
\BOOKMARK [3][-]{subsubsection.3.14.3.5}{\376\377\0003\000.\0001\0004\000.\0003\000.\0005\000\040\000l\000o\000n\000g\000V\000a\000l\000u\000e\000\050\000\051}{subsection.3.14.3}% 149
\BOOKMARK [3][-]{subsubsection.3.14.3.6}{\376\377\0003\000.\0001\0004\000.\0003\000.\0006\000\040\000r\000o\000u\000n\000d\000\050\000\051}{subsection.3.14.3}% 150
\BOOKMARK [3][-]{subsubsection.3.14.3.7}{\376\377\0003\000.\0001\0004\000.\0003\000.\0007\000\040\000t\000o\000S\000t\000r\000i\000n\000g\000\050\000\051}{subsection.3.14.3}% 151
\BOOKMARK [1][-]{section.3.15}{\376\377\0003\000.\0001\0005\000\040\000c\000o\000m\000.\000f\000r\000o\000n\000t\000e\000n\000d\000.\000R\000e\000p\000o\000r\000t\000s\000.\000R\000e\000p\000o\000r\000t\000s\000\040\000C\000l\000a\000s\000s\000\040\000R\000e\000f\000e\000r\000e\000n\000c\000e}{chapter.3}% 152
\BOOKMARK [2][-]{subsection.3.15.1}{\376\377\0003\000.\0001\0005\000.\0001\000\040\000D\000e\000t\000a\000i\000l\000e\000d\000\040\000D\000e\000s\000c\000r\000i\000p\000t\000i\000o\000n}{section.3.15}% 153
\BOOKMARK [2][-]{subsection.3.15.2}{\376\377\0003\000.\0001\0005\000.\0002\000\040\000M\000e\000m\000b\000e\000r\000\040\000F\000u\000n\000c\000t\000i\000o\000n\000\040\000D\000o\000c\000u\000m\000e\000n\000t\000a\000t\000i\000o\000n}{section.3.15}% 154
\BOOKMARK [3][-]{subsubsection.3.15.2.1}{\376\377\0003\000.\0001\0005\000.\0002\000.\0001\000\040\000g\000r\000o\000u\000p\000R\000e\000p\000o\000r\000t\000\050\000\051}{subsection.3.15.2}% 155
\BOOKMARK [3][-]{subsubsection.3.15.2.2}{\376\377\0003\000.\0001\0005\000.\0002\000.\0002\000\040\000i\000n\000d\000i\000v\000i\000d\000u\000a\000l\000R\000e\000p\000o\000r\000t\000\050\000\051}{subsection.3.15.2}% 156
\BOOKMARK [3][-]{subsubsection.3.15.2.3}{\376\377\0003\000.\0001\0005\000.\0002\000.\0003\000\040\000m\000a\000k\000e\000B\000u\000l\000l\000e\000t\000L\000i\000s\000t\000\050\000\051}{subsection.3.15.2}% 157
\BOOKMARK [3][-]{subsubsection.3.15.2.4}{\376\377\0003\000.\0001\0005\000.\0002\000.\0004\000\040\000n\000e\000x\000t\000S\000e\000c\000t\000i\000o\000n\000\050\000\051}{subsection.3.15.2}% 158
\BOOKMARK [3][-]{subsubsection.3.15.2.5}{\376\377\0003\000.\0001\0005\000.\0002\000.\0005\000\040\000s\000e\000t\000T\000e\000x\000t\000\050\000\051}{subsection.3.15.2}% 159
\BOOKMARK [1][-]{section.3.16}{\376\377\0003\000.\0001\0006\000\040\000c\000o\000m\000.\000f\000r\000o\000n\000t\000e\000n\000d\000.\000S\000e\000c\000u\000r\000i\000t\000y\000.\000S\000e\000c\000u\000r\000i\000t\000y\000C\000o\000n\000f\000i\000g\000u\000r\000a\000t\000i\000o\000n\000\040\000C\000l\000a\000s\000s\000\040\000R\000e\000f\000e\000r\000e\000n\000c\000e}{chapter.3}% 160
\BOOKMARK [2][-]{subsection.3.16.1}{\376\377\0003\000.\0001\0006\000.\0001\000\040\000D\000e\000t\000a\000i\000l\000e\000d\000\040\000D\000e\000s\000c\000r\000i\000p\000t\000i\000o\000n}{section.3.16}% 161
\BOOKMARK [2][-]{subsection.3.16.2}{\376\377\0003\000.\0001\0006\000.\0002\000\040\000M\000e\000m\000b\000e\000r\000\040\000F\000u\000n\000c\000t\000i\000o\000n\000\040\000D\000o\000c\000u\000m\000e\000n\000t\000a\000t\000i\000o\000n}{section.3.16}% 162
\BOOKMARK [3][-]{subsubsection.3.16.2.1}{\376\377\0003\000.\0001\0006\000.\0002\000.\0001\000\040\000u\000s\000e\000r\000D\000e\000t\000a\000i\000l\000s\000S\000e\000r\000v\000i\000c\000e\000\050\000\051}{subsection.3.16.2}% 163
\BOOKMARK [1][-]{section.3.17}{\376\377\0003\000.\0001\0007\000\040\000c\000o\000m\000.\000f\000r\000o\000n\000t\000e\000n\000d\000.\000S\000e\000c\000u\000r\000i\000t\000y\000.\000S\000e\000c\000u\000r\000i\000t\000y\000U\000t\000i\000l\000s\000\040\000C\000l\000a\000s\000s\000\040\000R\000e\000f\000e\000r\000e\000n\000c\000e}{chapter.3}% 164
\BOOKMARK [2][-]{subsection.3.17.1}{\376\377\0003\000.\0001\0007\000.\0001\000\040\000D\000e\000t\000a\000i\000l\000e\000d\000\040\000D\000e\000s\000c\000r\000i\000p\000t\000i\000o\000n}{section.3.17}% 165
\BOOKMARK [1][-]{section.3.18}{\376\377\0003\000.\0001\0008\000\040\000c\000o\000m\000.\000b\000a\000c\000k\000e\000n\000d\000.\000S\000t\000u\000d\000e\000n\000t\000\040\000C\000l\000a\000s\000s\000\040\000R\000e\000f\000e\000r\000e\000n\000c\000e}{chapter.3}% 166
\BOOKMARK [2][-]{subsection.3.18.1}{\376\377\0003\000.\0001\0008\000.\0001\000\040\000D\000e\000t\000a\000i\000l\000e\000d\000\040\000D\000e\000s\000c\000r\000i\000p\000t\000i\000o\000n}{section.3.18}% 167
\BOOKMARK [2][-]{subsection.3.18.2}{\376\377\0003\000.\0001\0008\000.\0002\000\040\000C\000o\000n\000s\000t\000r\000u\000c\000t\000o\000r\000\040\000\046\000\040\000D\000e\000s\000t\000r\000u\000c\000t\000o\000r\000\040\000D\000o\000c\000u\000m\000e\000n\000t\000a\000t\000i\000o\000n}{section.3.18}% 168
\BOOKMARK [3][-]{subsubsection.3.18.2.1}{\376\377\0003\000.\0001\0008\000.\0002\000.\0001\000\040\000S\000t\000u\000d\000e\000n\000t\000\050\000\051\000\040\000[\0001\000/\0002\000]}{subsection.3.18.2}% 169
\BOOKMARK [3][-]{subsubsection.3.18.2.2}{\376\377\0003\000.\0001\0008\000.\0002\000.\0002\000\040\000S\000t\000u\000d\000e\000n\000t\000\050\000\051\000\040\000[\0002\000/\0002\000]}{subsection.3.18.2}% 170
\BOOKMARK [2][-]{subsection.3.18.3}{\376\377\0003\000.\0001\0008\000.\0003\000\040\000M\000e\000m\000b\000e\000r\000\040\000F\000u\000n\000c\000t\000i\000o\000n\000\040\000D\000o\000c\000u\000m\000e\000n\000t\000a\000t\000i\000o\000n}{section.3.18}% 171
\BOOKMARK [3][-]{subsubsection.3.18.3.1}{\376\377\0003\000.\0001\0008\000.\0003\000.\0001\000\040\000g\000e\000t\000C\000r\000e\000a\000t\000e\000N\000e\000w\000S\000t\000u\000d\000e\000n\000t\000\050\000\051}{subsection.3.18.3}% 172
\BOOKMARK [3][-]{subsubsection.3.18.3.2}{\376\377\0003\000.\0001\0008\000.\0003\000.\0002\000\040\000g\000e\000t\000F\000i\000r\000s\000t\000N\000a\000m\000e\000\050\000\051}{subsection.3.18.3}% 173
\BOOKMARK [3][-]{subsubsection.3.18.3.3}{\376\377\0003\000.\0001\0008\000.\0003\000.\0003\000\040\000g\000e\000t\000F\000u\000l\000l\000N\000a\000m\000e\000\050\000\051}{subsection.3.18.3}% 174
\BOOKMARK [3][-]{subsubsection.3.18.3.4}{\376\377\0003\000.\0001\0008\000.\0003\000.\0004\000\040\000g\000e\000t\000L\000a\000s\000t\000N\000a\000m\000e\000\050\000\051}{subsection.3.18.3}% 175
\BOOKMARK [3][-]{subsubsection.3.18.3.5}{\376\377\0003\000.\0001\0008\000.\0003\000.\0005\000\040\000g\000e\000t\000S\000t\000u\000d\000e\000n\000t\000\050\000\051}{subsection.3.18.3}% 176
\BOOKMARK [3][-]{subsubsection.3.18.3.6}{\376\377\0003\000.\0001\0008\000.\0003\000.\0006\000\040\000g\000e\000t\000S\000t\000u\000d\000e\000n\000t\000D\000a\000t\000a\000\050\000\051}{subsection.3.18.3}% 177
\BOOKMARK [3][-]{subsubsection.3.18.3.7}{\376\377\0003\000.\0001\0008\000.\0003\000.\0007\000\040\000g\000e\000t\000S\000t\000u\000d\000e\000n\000t\000I\000D\000\050\000\051}{subsection.3.18.3}% 178
\BOOKMARK [3][-]{subsubsection.3.18.3.8}{\376\377\0003\000.\0001\0008\000.\0003\000.\0008\000\040\000s\000e\000t\000F\000i\000r\000s\000t\000N\000a\000m\000e\000\050\000\051}{subsection.3.18.3}% 179
\BOOKMARK [3][-]{subsubsection.3.18.3.9}{\376\377\0003\000.\0001\0008\000.\0003\000.\0009\000\040\000s\000e\000t\000L\000a\000s\000t\000N\000a\000m\000e\000\050\000\051}{subsection.3.18.3}% 180
\BOOKMARK [3][-]{subsubsection.3.18.3.10}{\376\377\0003\000.\0001\0008\000.\0003\000.\0001\0000\000\040\000s\000e\000t\000S\000t\000u\000d\000e\000n\000t\000\050\000\051}{subsection.3.18.3}% 181
\BOOKMARK [3][-]{subsubsection.3.18.3.11}{\376\377\0003\000.\0001\0008\000.\0003\000.\0001\0001\000\040\000s\000e\000t\000S\000t\000u\000d\000e\000n\000t\000I\000D\000\050\000\051}{subsection.3.18.3}% 182
\BOOKMARK [3][-]{subsubsection.3.18.3.12}{\376\377\0003\000.\0001\0008\000.\0003\000.\0001\0002\000\040\000t\000o\000S\000t\000r\000i\000n\000g\000\050\000\051}{subsection.3.18.3}% 183
\BOOKMARK [1][-]{section.3.19}{\376\377\0003\000.\0001\0009\000\040\000c\000o\000m\000.\000b\000a\000c\000k\000e\000n\000d\000.\000S\000t\000u\000d\000e\000n\000t\000D\000a\000t\000a\000\040\000C\000l\000a\000s\000s\000\040\000R\000e\000f\000e\000r\000e\000n\000c\000e}{chapter.3}% 184
\BOOKMARK [2][-]{subsection.3.19.1}{\376\377\0003\000.\0001\0009\000.\0001\000\040\000D\000e\000t\000a\000i\000l\000e\000d\000\040\000D\000e\000s\000c\000r\000i\000p\000t\000i\000o\000n}{section.3.19}% 185
\BOOKMARK [2][-]{subsection.3.19.2}{\376\377\0003\000.\0001\0009\000.\0002\000\040\000C\000o\000n\000s\000t\000r\000u\000c\000t\000o\000r\000\040\000\046\000\040\000D\000e\000s\000t\000r\000u\000c\000t\000o\000r\000\040\000D\000o\000c\000u\000m\000e\000n\000t\000a\000t\000i\000o\000n}{section.3.19}% 186
\BOOKMARK [3][-]{subsubsection.3.19.2.1}{\376\377\0003\000.\0001\0009\000.\0002\000.\0001\000\040\000S\000t\000u\000d\000e\000n\000t\000D\000a\000t\000a\000\050\000\051\000\040\000[\0001\000/\0002\000]}{subsection.3.19.2}% 187
\BOOKMARK [3][-]{subsubsection.3.19.2.2}{\376\377\0003\000.\0001\0009\000.\0002\000.\0002\000\040\000S\000t\000u\000d\000e\000n\000t\000D\000a\000t\000a\000\050\000\051\000\040\000[\0002\000/\0002\000]}{subsection.3.19.2}% 188
\BOOKMARK [2][-]{subsection.3.19.3}{\376\377\0003\000.\0001\0009\000.\0003\000\040\000M\000e\000m\000b\000e\000r\000\040\000F\000u\000n\000c\000t\000i\000o\000n\000\040\000D\000o\000c\000u\000m\000e\000n\000t\000a\000t\000i\000o\000n}{section.3.19}% 189
\BOOKMARK [3][-]{subsubsection.3.19.3.1}{\376\377\0003\000.\0001\0009\000.\0003\000.\0001\000\040\000a\000c\000h\000i\000e\000v\000e\000d\000G\000o\000a\000l\000\050\000\051}{subsection.3.19.3}% 190
\BOOKMARK [3][-]{subsubsection.3.19.3.2}{\376\377\0003\000.\0001\0009\000.\0003\000.\0002\000\040\000g\000e\000t\000A\000c\000t\000i\000v\000e\000C\000a\000t\000e\000g\000o\000r\000y\000\050\000\051}{subsection.3.19.3}% 191
\BOOKMARK [3][-]{subsubsection.3.19.3.3}{\376\377\0003\000.\0001\0009\000.\0003\000.\0003\000\040\000g\000e\000t\000A\000c\000t\000i\000v\000e\000G\000o\000a\000l\000\050\000\051}{subsection.3.19.3}% 192
\BOOKMARK [3][-]{subsubsection.3.19.3.4}{\376\377\0003\000.\0001\0009\000.\0003\000.\0004\000\040\000g\000e\000t\000A\000v\000e\000r\000a\000g\000e\000C\000a\000t\000e\000g\000o\000r\000y\000\050\000\051}{subsection.3.19.3}% 193
\BOOKMARK [3][-]{subsubsection.3.19.3.5}{\376\377\0003\000.\0001\0009\000.\0003\000.\0005\000\040\000g\000e\000t\000A\000v\000e\000r\000a\000g\000e\000G\000o\000a\000l\000\050\000\051}{subsection.3.19.3}% 194
\BOOKMARK [3][-]{subsubsection.3.19.3.6}{\376\377\0003\000.\0001\0009\000.\0003\000.\0006\000\040\000g\000e\000t\000C\000o\000m\000m\000u\000n\000i\000t\000y\000S\000e\000r\000v\000i\000c\000e\000C\000a\000t\000e\000g\000o\000r\000y\000\050\000\051}{subsection.3.19.3}% 195
\BOOKMARK [3][-]{subsubsection.3.19.3.7}{\376\377\0003\000.\0001\0009\000.\0003\000.\0007\000\040\000g\000e\000t\000C\000o\000m\000m\000u\000n\000i\000t\000y\000S\000e\000r\000v\000i\000c\000e\000C\000a\000t\000e\000g\000o\000r\000y\000I\000n\000t\000\050\000\051}{subsection.3.19.3}% 196
\BOOKMARK [3][-]{subsubsection.3.19.3.8}{\376\377\0003\000.\0001\0009\000.\0003\000.\0008\000\040\000g\000e\000t\000C\000o\000m\000m\000u\000n\000i\000t\000y\000S\000e\000r\000v\000i\000c\000e\000H\000o\000u\000r\000s\000\050\000\051}{subsection.3.19.3}% 197
\BOOKMARK [3][-]{subsubsection.3.19.3.9}{\376\377\0003\000.\0001\0009\000.\0003\000.\0009\000\040\000g\000e\000t\000C\000u\000r\000r\000e\000n\000t\000C\000o\000m\000m\000u\000n\000i\000t\000y\000S\000e\000r\000v\000i\000c\000e\000C\000a\000t\000e\000g\000o\000r\000y\000\050\000\051}{subsection.3.19.3}% 198
\BOOKMARK [3][-]{subsubsection.3.19.3.10}{\376\377\0003\000.\0001\0009\000.\0003\000.\0001\0000\000\040\000g\000e\000t\000C\000u\000r\000r\000e\000n\000t\000C\000o\000m\000m\000u\000n\000i\000t\000y\000S\000e\000r\000v\000i\000c\000e\000C\000a\000t\000e\000g\000o\000r\000y\000I\000n\000t\000\050\000\051}{subsection.3.19.3}% 199
\BOOKMARK [3][-]{subsubsection.3.19.3.11}{\376\377\0003\000.\0001\0009\000.\0003\000.\0001\0001\000\040\000g\000e\000t\000E\000m\000a\000i\000l\000\050\000\051}{subsection.3.19.3}% 200
\BOOKMARK [3][-]{subsubsection.3.19.3.12}{\376\377\0003\000.\0001\0009\000.\0003\000.\0001\0002\000\040\000g\000e\000t\000G\000r\000a\000d\000e\000\050\000\051}{subsection.3.19.3}% 201
\BOOKMARK [3][-]{subsubsection.3.19.3.13}{\376\377\0003\000.\0001\0009\000.\0003\000.\0001\0003\000\040\000g\000e\000t\000G\000r\000a\000d\000e\000I\000n\000t\000\050\000\051}{subsection.3.19.3}% 202
\BOOKMARK [3][-]{subsubsection.3.19.3.14}{\376\377\0003\000.\0001\0009\000.\0003\000.\0001\0004\000\040\000g\000e\000t\000L\000a\000s\000t\000E\000d\000i\000t\000e\000d\000\050\000\051}{subsection.3.19.3}% 203
\BOOKMARK [3][-]{subsubsection.3.19.3.15}{\376\377\0003\000.\0001\0009\000.\0003\000.\0001\0005\000\040\000g\000e\000t\000Y\000e\000a\000r\000s\000D\000o\000n\000e\000\050\000\051}{subsection.3.19.3}% 204
\BOOKMARK [3][-]{subsubsection.3.19.3.16}{\376\377\0003\000.\0001\0009\000.\0003\000.\0001\0006\000\040\000i\000s\000A\000c\000t\000i\000v\000e\000\050\000\051}{subsection.3.19.3}% 205
\BOOKMARK [3][-]{subsubsection.3.19.3.17}{\376\377\0003\000.\0001\0009\000.\0003\000.\0001\0007\000\040\000r\000e\000m\000o\000v\000e\000A\000c\000t\000i\000v\000e\000\050\000\051}{subsection.3.19.3}% 206
\BOOKMARK [3][-]{subsubsection.3.19.3.18}{\376\377\0003\000.\0001\0009\000.\0003\000.\0001\0008\000\040\000r\000e\000m\000o\000v\000e\000I\000n\000a\000c\000t\000i\000v\000e\000\050\000\051}{subsection.3.19.3}% 207
\BOOKMARK [3][-]{subsubsection.3.19.3.19}{\376\377\0003\000.\0001\0009\000.\0003\000.\0001\0009\000\040\000s\000e\000t\000C\000o\000m\000m\000u\000n\000i\000t\000y\000S\000e\000r\000v\000i\000c\000e\000C\000a\000t\000e\000g\000o\000r\000y\000\050\000\051}{subsection.3.19.3}% 208
\BOOKMARK [3][-]{subsubsection.3.19.3.20}{\376\377\0003\000.\0001\0009\000.\0003\000.\0002\0000\000\040\000s\000e\000t\000C\000o\000m\000m\000u\000n\000i\000t\000y\000S\000e\000r\000v\000i\000c\000e\000H\000o\000u\000r\000s\000\050\000\051}{subsection.3.19.3}% 209
\BOOKMARK [3][-]{subsubsection.3.19.3.21}{\376\377\0003\000.\0001\0009\000.\0003\000.\0002\0001\000\040\000s\000e\000t\000C\000o\000m\000m\000u\000n\000i\000t\000y\000S\000e\000r\000v\000i\000c\000e\000H\000o\000u\000r\000s\000F\000r\000o\000m\000S\000e\000l\000e\000c\000t\000\050\000\051\000\040\000[\0001\000/\0002\000]}{subsection.3.19.3}% 210
\BOOKMARK [3][-]{subsubsection.3.19.3.22}{\376\377\0003\000.\0001\0009\000.\0003\000.\0002\0002\000\040\000s\000e\000t\000C\000o\000m\000m\000u\000n\000i\000t\000y\000S\000e\000r\000v\000i\000c\000e\000H\000o\000u\000r\000s\000F\000r\000o\000m\000S\000e\000l\000e\000c\000t\000\050\000\051\000\040\000[\0002\000/\0002\000]}{subsection.3.19.3}% 211
\BOOKMARK [3][-]{subsubsection.3.19.3.23}{\376\377\0003\000.\0001\0009\000.\0003\000.\0002\0003\000\040\000s\000e\000t\000C\000o\000m\000m\000u\000n\000i\000t\000y\000S\000e\000r\000v\000i\000c\000e\000H\000o\000u\000r\000s\000T\000e\000m\000p\000\050\000\051}{subsection.3.19.3}% 212
\BOOKMARK [3][-]{subsubsection.3.19.3.24}{\376\377\0003\000.\0001\0009\000.\0003\000.\0002\0004\000\040\000s\000e\000t\000E\000m\000a\000i\000l\000\050\000\051}{subsection.3.19.3}% 213
\BOOKMARK [3][-]{subsubsection.3.19.3.25}{\376\377\0003\000.\0001\0009\000.\0003\000.\0002\0005\000\040\000s\000e\000t\000F\000i\000r\000s\000t\000N\000a\000m\000e\000\050\000\051}{subsection.3.19.3}% 214
\BOOKMARK [3][-]{subsubsection.3.19.3.26}{\376\377\0003\000.\0001\0009\000.\0003\000.\0002\0006\000\040\000s\000e\000t\000G\000r\000a\000d\000e\000\050\000\051\000\040\000[\0001\000/\0002\000]}{subsection.3.19.3}% 215
\BOOKMARK [3][-]{subsubsection.3.19.3.27}{\376\377\0003\000.\0001\0009\000.\0003\000.\0002\0007\000\040\000s\000e\000t\000G\000r\000a\000d\000e\000\050\000\051\000\040\000[\0002\000/\0002\000]}{subsection.3.19.3}% 216
\BOOKMARK [3][-]{subsubsection.3.19.3.28}{\376\377\0003\000.\0001\0009\000.\0003\000.\0002\0008\000\040\000s\000e\000t\000L\000a\000s\000t\000E\000d\000i\000t\000e\000d\000\050\000\051}{subsection.3.19.3}% 217
\BOOKMARK [3][-]{subsubsection.3.19.3.29}{\376\377\0003\000.\0001\0009\000.\0003\000.\0002\0009\000\040\000s\000e\000t\000L\000a\000s\000t\000N\000a\000m\000e\000\050\000\051}{subsection.3.19.3}% 218
\BOOKMARK [3][-]{subsubsection.3.19.3.30}{\376\377\0003\000.\0001\0009\000.\0003\000.\0003\0000\000\040\000s\000e\000t\000S\000t\000u\000d\000e\000n\000t\000I\000D\000\050\000\051\000\040\000[\0001\000/\0002\000]}{subsection.3.19.3}% 219
\BOOKMARK [3][-]{subsubsection.3.19.3.31}{\376\377\0003\000.\0001\0009\000.\0003\000.\0003\0001\000\040\000s\000e\000t\000S\000t\000u\000d\000e\000n\000t\000I\000D\000\050\000\051\000\040\000[\0002\000/\0002\000]}{subsection.3.19.3}% 220
\BOOKMARK [3][-]{subsubsection.3.19.3.32}{\376\377\0003\000.\0001\0009\000.\0003\000.\0003\0002\000\040\000s\000e\000t\000Y\000e\000a\000r\000s\000D\000o\000n\000e\000\050\000\051\000\040\000[\0001\000/\0002\000]}{subsection.3.19.3}% 221
\BOOKMARK [3][-]{subsubsection.3.19.3.33}{\376\377\0003\000.\0001\0009\000.\0003\000.\0003\0003\000\040\000s\000e\000t\000Y\000e\000a\000r\000s\000D\000o\000n\000e\000\050\000\051\000\040\000[\0002\000/\0002\000]}{subsection.3.19.3}% 222
